Analysis & Synthesis report for LCD_top
Thu Mar 08 23:00:37 2012
Quartus II 32-bit Version 11.1 Build 216 11/23/2011 Service Pack 1 SJ Web Edition


---------------------
; Table of Contents ;
---------------------
  1. Legal Notice
  2. Analysis & Synthesis Summary
  3. Analysis & Synthesis Settings
  4. Parallel Compilation
  5. Analysis & Synthesis Source Files Read
  6. Analysis & Synthesis Resource Usage Summary
  7. Analysis & Synthesis Resource Utilization by Entity
  8. Registers Removed During Synthesis
  9. General Register Statistics
 10. Multiplexer Restructuring Statistics (Restructuring Performed)
 11. Port Connectivity Checks: "clkDivSel:U3"
 12. Port Connectivity Checks: "clkDivSel:U1"
 13. Port Connectivity Checks: "clkDivSel:U0"
 14. Elapsed Time Per Partition
 15. Analysis & Synthesis Messages



----------------
; Legal Notice ;
----------------
Copyright (C) 1991-2011 Altera Corporation
Your use of Altera Corporation's design tools, logic functions 
and other software and tools, and its AMPP partner logic 
functions, and any output files from any of the foregoing 
(including device programming or simulation files), and any 
associated documentation or information are expressly subject 
to the terms and conditions of the Altera Program License 
Subscription Agreement, Altera MegaCore Function License 
Agreement, or other applicable license agreement, including, 
without limitation, that your use is for the sole purpose of 
programming logic devices manufactured by Altera and sold by 
Altera or its authorized distributors.  Please refer to the 
applicable agreement for further details.



+------------------------------------------------------------------------------------+
; Analysis & Synthesis Summary                                                       ;
+------------------------------------+-----------------------------------------------+
; Analysis & Synthesis Status        ; Successful - Thu Mar 08 23:00:37 2012         ;
; Quartus II 32-bit Version          ; 11.1 Build 216 11/23/2011 SP 1 SJ Web Edition ;
; Revision Name                      ; LCD_top                                       ;
; Top-level Entity Name              ; LCD_top                                       ;
; Family                             ; Cyclone III                                   ;
; Total logic elements               ; 270                                           ;
;     Total combinational functions  ; 265                                           ;
;     Dedicated logic registers      ; 119                                           ;
; Total registers                    ; 119                                           ;
; Total pins                         ; 23                                            ;
; Total virtual pins                 ; 0                                             ;
; Total memory bits                  ; 0                                             ;
; Embedded Multiplier 9-bit elements ; 0                                             ;
; Total PLLs                         ; 0                                             ;
+------------------------------------+-----------------------------------------------+


+----------------------------------------------------------------------------------------------------------------------+
; Analysis & Synthesis Settings                                                                                        ;
+----------------------------------------------------------------------------+--------------------+--------------------+
; Option                                                                     ; Setting            ; Default Value      ;
+----------------------------------------------------------------------------+--------------------+--------------------+
; Device                                                                     ; EP3C16F484C6       ;                    ;
; Top-level entity name                                                      ; LCD_top            ; LCD_top            ;
; Family name                                                                ; Cyclone III        ; Cyclone IV GX      ;
; Use smart compilation                                                      ; Off                ; Off                ;
; Enable parallel Assembler and TimeQuest Timing Analyzer during compilation ; On                 ; On                 ;
; Enable compact report table                                                ; Off                ; Off                ;
; Restructure Multiplexers                                                   ; Auto               ; Auto               ;
; Create Debugging Nodes for IP Cores                                        ; Off                ; Off                ;
; Preserve fewer node names                                                  ; On                 ; On                 ;
; Disable OpenCore Plus hardware evaluation                                  ; Off                ; Off                ;
; Verilog Version                                                            ; Verilog_2001       ; Verilog_2001       ;
; VHDL Version                                                               ; VHDL_1993          ; VHDL_1993          ;
; State Machine Processing                                                   ; Auto               ; Auto               ;
; Safe State Machine                                                         ; Off                ; Off                ;
; Extract Verilog State Machines                                             ; On                 ; On                 ;
; Extract VHDL State Machines                                                ; On                 ; On                 ;
; Ignore Verilog initial constructs                                          ; Off                ; Off                ;
; Iteration limit for constant Verilog loops                                 ; 5000               ; 5000               ;
; Iteration limit for non-constant Verilog loops                             ; 250                ; 250                ;
; Add Pass-Through Logic to Inferred RAMs                                    ; On                 ; On                 ;
; Infer RAMs from Raw Logic                                                  ; On                 ; On                 ;
; Parallel Synthesis                                                         ; On                 ; On                 ;
; DSP Block Balancing                                                        ; Auto               ; Auto               ;
; NOT Gate Push-Back                                                         ; On                 ; On                 ;
; Power-Up Don't Care                                                        ; On                 ; On                 ;
; Remove Redundant Logic Cells                                               ; Off                ; Off                ;
; Remove Duplicate Registers                                                 ; On                 ; On                 ;
; Ignore CARRY Buffers                                                       ; Off                ; Off                ;
; Ignore CASCADE Buffers                                                     ; Off                ; Off                ;
; Ignore GLOBAL Buffers                                                      ; Off                ; Off                ;
; Ignore ROW GLOBAL Buffers                                                  ; Off                ; Off                ;
; Ignore LCELL Buffers                                                       ; Off                ; Off                ;
; Ignore SOFT Buffers                                                        ; On                 ; On                 ;
; Limit AHDL Integers to 32 Bits                                             ; Off                ; Off                ;
; Optimization Technique                                                     ; Balanced           ; Balanced           ;
; Carry Chain Length                                                         ; 70                 ; 70                 ;
; Auto Carry Chains                                                          ; On                 ; On                 ;
; Auto Open-Drain Pins                                                       ; On                 ; On                 ;
; Perform WYSIWYG Primitive Resynthesis                                      ; Off                ; Off                ;
; Auto ROM Replacement                                                       ; On                 ; On                 ;
; Auto RAM Replacement                                                       ; On                 ; On                 ;
; Auto DSP Block Replacement                                                 ; On                 ; On                 ;
; Auto Shift Register Replacement                                            ; Auto               ; Auto               ;
; Allow Shift Register Merging across Hierarchies                            ; Auto               ; Auto               ;
; Auto Clock Enable Replacement                                              ; On                 ; On                 ;
; Strict RAM Replacement                                                     ; Off                ; Off                ;
; Allow Synchronous Control Signals                                          ; On                 ; On                 ;
; Force Use of Synchronous Clear Signals                                     ; Off                ; Off                ;
; Auto RAM Block Balancing                                                   ; On                 ; On                 ;
; Auto RAM to Logic Cell Conversion                                          ; Off                ; Off                ;
; Auto Resource Sharing                                                      ; Off                ; Off                ;
; Allow Any RAM Size For Recognition                                         ; Off                ; Off                ;
; Allow Any ROM Size For Recognition                                         ; Off                ; Off                ;
; Allow Any Shift Register Size For Recognition                              ; Off                ; Off                ;
; Use LogicLock Constraints during Resource Balancing                        ; On                 ; On                 ;
; Ignore translate_off and synthesis_off directives                          ; Off                ; Off                ;
; Timing-Driven Synthesis                                                    ; On                 ; On                 ;
; Report Parameter Settings                                                  ; On                 ; On                 ;
; Report Source Assignments                                                  ; On                 ; On                 ;
; Report Connectivity Checks                                                 ; On                 ; On                 ;
; Ignore Maximum Fan-Out Assignments                                         ; Off                ; Off                ;
; Synchronization Register Chain Length                                      ; 2                  ; 2                  ;
; PowerPlay Power Optimization                                               ; Normal compilation ; Normal compilation ;
; HDL message level                                                          ; Level2             ; Level2             ;
; Suppress Register Optimization Related Messages                            ; Off                ; Off                ;
; Number of Removed Registers Reported in Synthesis Report                   ; 5000               ; 5000               ;
; Number of Inverted Registers Reported in Synthesis Report                  ; 100                ; 100                ;
; Clock MUX Protection                                                       ; On                 ; On                 ;
; Auto Gated Clock Conversion                                                ; Off                ; Off                ;
; Block Design Naming                                                        ; Auto               ; Auto               ;
; SDC constraint protection                                                  ; Off                ; Off                ;
; Synthesis Effort                                                           ; Auto               ; Auto               ;
; Shift Register Replacement - Allow Asynchronous Clear Signal               ; On                 ; On                 ;
; Analysis & Synthesis Message Level                                         ; Medium             ; Medium             ;
; Disable Register Merging Across Hierarchies                                ; Auto               ; Auto               ;
; Resource Aware Inference For Block RAM                                     ; On                 ; On                 ;
; Synthesis Seed                                                             ; 1                  ; 1                  ;
+----------------------------------------------------------------------------+--------------------+--------------------+


Parallel compilation was disabled, but you have multiple processors available. Enable parallel compilation to reduce compilation time.
+-------------------------------------+
; Parallel Compilation                ;
+----------------------------+--------+
; Processors                 ; Number ;
+----------------------------+--------+
; Number detected on machine ; 4      ;
; Maximum allowed            ; 1      ;
+----------------------------+--------+


+--------------------------------------------------------------------------------------------------------------------------------+
; Analysis & Synthesis Source Files Read                                                                                         ;
+----------------------------------+-----------------+------------------------+--------------------------------------------------+
; File Name with User-Entered Path ; Used in Netlist ; File Type              ; File Name with Absolute Path                     ;
+----------------------------------+-----------------+------------------------+--------------------------------------------------+
; LCD_top.v                        ; yes             ; User Verilog HDL File  ; E:/quartus_workspace/LCD_Driver_top/LCD_top.v    ;
; LCD_Driver.v                     ; yes             ; User Verilog HDL File  ; E:/quartus_workspace/LCD_Driver_top/LCD_Driver.v ;
; clkDivSel.v                      ; yes             ; User Verilog HDL File  ; E:/quartus_workspace/LCD_Driver_top/clkDivSel.v  ;
+----------------------------------+-----------------+------------------------+--------------------------------------------------+


+---------------------------------------------------------+
; Analysis & Synthesis Resource Usage Summary             ;
+---------------------------------------------+-----------+
; Resource                                    ; Usage     ;
+---------------------------------------------+-----------+
; Estimated Total logic elements              ; 270       ;
;                                             ;           ;
; Total combinational functions               ; 265       ;
; Logic element usage by number of LUT inputs ;           ;
;     -- 4 input functions                    ; 99        ;
;     -- 3 input functions                    ; 30        ;
;     -- <=2 input functions                  ; 136       ;
;                                             ;           ;
; Logic elements by mode                      ;           ;
;     -- normal mode                          ; 183       ;
;     -- arithmetic mode                      ; 82        ;
;                                             ;           ;
; Total registers                             ; 119       ;
;     -- Dedicated logic registers            ; 119       ;
;     -- I/O registers                        ; 0         ;
;                                             ;           ;
; I/O pins                                    ; 23        ;
; Maximum fan-out node                        ; clk~input ;
; Maximum fan-out                             ; 86        ;
; Total fan-out                               ; 1046      ;
; Average fan-out                             ; 2.43      ;
+---------------------------------------------+-----------+


+------------------------------------------------------------------------------------------------------------------------------------------------------------------------------------+
; Analysis & Synthesis Resource Utilization by Entity                                                                                                                                ;
+----------------------------+-------------------+--------------+-------------+--------------+---------+-----------+------+--------------+----------------------------+--------------+
; Compilation Hierarchy Node ; LC Combinationals ; LC Registers ; Memory Bits ; DSP Elements ; DSP 9x9 ; DSP 18x18 ; Pins ; Virtual Pins ; Full Hierarchy Name        ; Library Name ;
+----------------------------+-------------------+--------------+-------------+--------------+---------+-----------+------+--------------+----------------------------+--------------+
; |LCD_top                   ; 265 (7)           ; 119 (9)      ; 0           ; 0            ; 0       ; 0         ; 23   ; 0            ; |LCD_top                   ;              ;
;    |LCD_Driver:driver|     ; 118 (118)         ; 29 (29)      ; 0           ; 0            ; 0       ; 0         ; 0    ; 0            ; |LCD_top|LCD_Driver:driver ;              ;
;    |clkDivSel:U0|          ; 42 (42)           ; 27 (27)      ; 0           ; 0            ; 0       ; 0         ; 0    ; 0            ; |LCD_top|clkDivSel:U0      ;              ;
;    |clkDivSel:U1|          ; 49 (49)           ; 27 (27)      ; 0           ; 0            ; 0       ; 0         ; 0    ; 0            ; |LCD_top|clkDivSel:U1      ;              ;
;    |clkDivSel:U3|          ; 49 (49)           ; 27 (27)      ; 0           ; 0            ; 0       ; 0         ; 0    ; 0            ; |LCD_top|clkDivSel:U3      ;              ;
+----------------------------+-------------------+--------------+-------------+--------------+---------+-----------+------+--------------+----------------------------+--------------+
Note: For table entries with two numbers listed, the numbers in parentheses indicate the number of resources of the given type used by the specific entity alone. The numbers listed outside of parentheses indicate the total resources of the given type used by the specific entity and all of its sub-entities in the hierarchy.


+-------------------------------------------------------------------------------------------+
; Registers Removed During Synthesis                                                        ;
+----------------------------------------------+--------------------------------------------+
; Register name                                ; Reason for Removal                         ;
+----------------------------------------------+--------------------------------------------+
; myData[0][0]                                 ; Stuck at GND due to stuck port data_in     ;
; myData[0][1]                                 ; Stuck at GND due to stuck port data_in     ;
; myData[0][2]                                 ; Stuck at GND due to stuck port data_in     ;
; myData[0][3]                                 ; Stuck at GND due to stuck port data_in     ;
; myData[0][4]                                 ; Stuck at GND due to stuck port data_in     ;
; myData[0][5]                                 ; Stuck at GND due to stuck port data_in     ;
; myData[0][6]                                 ; Stuck at VCC due to stuck port data_in     ;
; myData[0][7]                                 ; Stuck at VCC due to stuck port data_in     ;
; myData[0][8]                                 ; Stuck at VCC due to stuck port data_in     ;
; myData[0][9]                                 ; Stuck at GND due to stuck port data_in     ;
; myData[0][10]                                ; Stuck at GND due to stuck port data_in     ;
; myData[0][11]                                ; Stuck at GND due to stuck port data_in     ;
; myData[0][12]                                ; Stuck at VCC due to stuck port data_in     ;
; myData[0][13]                                ; Stuck at VCC due to stuck port data_in     ;
; myData[0][14]                                ; Stuck at VCC due to stuck port data_in     ;
; myData[0][15]                                ; Stuck at GND due to stuck port data_in     ;
; myData[0][16]                                ; Stuck at GND due to stuck port data_in     ;
; myData[0][17]                                ; Stuck at GND due to stuck port data_in     ;
; myData[1][0]                                 ; Stuck at VCC due to stuck port data_in     ;
; myData[1][1]                                 ; Stuck at GND due to stuck port data_in     ;
; myData[1][2]                                 ; Stuck at GND due to stuck port data_in     ;
; myData[1][3]                                 ; Stuck at VCC due to stuck port data_in     ;
; myData[1][4]                                 ; Stuck at VCC due to stuck port data_in     ;
; myData[1][5]                                 ; Stuck at VCC due to stuck port data_in     ;
; myData[1][6]                                 ; Stuck at GND due to stuck port data_in     ;
; myData[1][7]                                 ; Stuck at GND due to stuck port data_in     ;
; myData[1][8]                                 ; Stuck at GND due to stuck port data_in     ;
; myData[1][9]                                 ; Stuck at VCC due to stuck port data_in     ;
; myData[1][10]                                ; Stuck at VCC due to stuck port data_in     ;
; myData[1][11]                                ; Stuck at VCC due to stuck port data_in     ;
; myData[1][12]                                ; Stuck at GND due to stuck port data_in     ;
; myData[1][13]                                ; Stuck at GND due to stuck port data_in     ;
; myData[1][14]                                ; Stuck at GND due to stuck port data_in     ;
; myData[1][15]                                ; Stuck at VCC due to stuck port data_in     ;
; myData[1][16]                                ; Stuck at VCC due to stuck port data_in     ;
; myData[1][17]                                ; Stuck at VCC due to stuck port data_in     ;
; myData[2][0]                                 ; Stuck at GND due to stuck port data_in     ;
; myData[2][1]                                 ; Stuck at VCC due to stuck port data_in     ;
; myData[2][2]                                 ; Stuck at GND due to stuck port data_in     ;
; myData[2][3]                                 ; Stuck at GND due to stuck port data_in     ;
; myData[2][4]                                 ; Stuck at GND due to stuck port data_in     ;
; myData[2][5]                                 ; Stuck at GND due to stuck port data_in     ;
; myData[2][6]                                 ; Stuck at VCC due to stuck port data_in     ;
; myData[2][7]                                 ; Stuck at VCC due to stuck port data_in     ;
; myData[2][8]                                 ; Stuck at VCC due to stuck port data_in     ;
; myData[2][9]                                 ; Stuck at GND due to stuck port data_in     ;
; myData[2][10]                                ; Stuck at GND due to stuck port data_in     ;
; myData[2][11]                                ; Stuck at GND due to stuck port data_in     ;
; myData[2][12]                                ; Stuck at VCC due to stuck port data_in     ;
; myData[2][13]                                ; Stuck at VCC due to stuck port data_in     ;
; myData[2][14]                                ; Stuck at VCC due to stuck port data_in     ;
; myData[2][15]                                ; Stuck at GND due to stuck port data_in     ;
; myData[2][16]                                ; Stuck at GND due to stuck port data_in     ;
; myData[2][17]                                ; Stuck at GND due to stuck port data_in     ;
; myData[3][0]                                 ; Stuck at VCC due to stuck port data_in     ;
; myData[3][1]                                 ; Stuck at VCC due to stuck port data_in     ;
; myData[3][2]                                 ; Stuck at GND due to stuck port data_in     ;
; myData[3][3]                                 ; Stuck at VCC due to stuck port data_in     ;
; myData[3][4]                                 ; Stuck at VCC due to stuck port data_in     ;
; myData[3][5]                                 ; Stuck at VCC due to stuck port data_in     ;
; myData[3][6]                                 ; Stuck at GND due to stuck port data_in     ;
; myData[3][7]                                 ; Stuck at GND due to stuck port data_in     ;
; myData[3][8]                                 ; Stuck at GND due to stuck port data_in     ;
; myData[3][9]                                 ; Stuck at VCC due to stuck port data_in     ;
; myData[3][10]                                ; Stuck at VCC due to stuck port data_in     ;
; myData[3][11]                                ; Stuck at VCC due to stuck port data_in     ;
; myData[3][12]                                ; Stuck at GND due to stuck port data_in     ;
; myData[3][13]                                ; Stuck at GND due to stuck port data_in     ;
; myData[3][14]                                ; Stuck at GND due to stuck port data_in     ;
; myData[3][15]                                ; Stuck at VCC due to stuck port data_in     ;
; myData[3][16]                                ; Stuck at VCC due to stuck port data_in     ;
; myData[3][17]                                ; Stuck at VCC due to stuck port data_in     ;
; LCD_Driver:driver|iline                      ; Stuck at GND due to stuck port data_in     ;
; LCD_Driver:driver|cntCurPos[3..7]            ; Merged with LCD_Driver:driver|cntCurPos[2] ;
; LCD_Driver:driver|dataOut[5]                 ; Merged with LCD_Driver:driver|dataOut[4]   ;
; LCD_Driver:driver|iDataIn[3..5,9..11,15..17] ; Merged with LCD_Driver:driver|iDataIn[0]   ;
; LCD_Driver:driver|iDataIn[6..8,13,14]        ; Merged with LCD_Driver:driver|iDataIn[12]  ;
; LCD_Driver:driver|count[5..7]                ; Merged with LCD_Driver:driver|count[4]     ;
; LCD_Driver:driver|iDataIn[2]                 ; Stuck at GND due to stuck port data_in     ;
; LCD_Driver:driver|RW                         ; Stuck at GND due to stuck port data_in     ;
; LCD_Driver:driver|isetLine                   ; Stuck at GND due to stuck port data_in     ;
; LCD_Driver:driver|cntCurPos[2]               ; Stuck at GND due to stuck port data_in     ;
; LCD_Driver:driver|count[4]                   ; Stuck at GND due to stuck port data_in     ;
; Total Number of Removed Registers = 101      ;                                            ;
+----------------------------------------------+--------------------------------------------+


+------------------------------------------------------+
; General Register Statistics                          ;
+----------------------------------------------+-------+
; Statistic                                    ; Value ;
+----------------------------------------------+-------+
; Total registers                              ; 119   ;
; Number of registers using Synchronous Clear  ; 0     ;
; Number of registers using Synchronous Load   ; 6     ;
; Number of registers using Asynchronous Clear ; 0     ;
; Number of registers using Asynchronous Load  ; 0     ;
; Number of registers using Clock Enable       ; 4     ;
; Number of registers using Preset             ; 0     ;
+----------------------------------------------+-------+


+---------------------------------------------------------------------------------------------------------------------------------------------------------------------+
; Multiplexer Restructuring Statistics (Restructuring Performed)                                                                                                      ;
+--------------------+-----------+---------------+----------------------+------------------------+---------------------------------------+----------------------------+
; Multiplexer Inputs ; Bus Width ; Baseline Area ; Area if Restructured ; Saving if Restructured ; Registered                            ; Example Multiplexer Output ;
+--------------------+-----------+---------------+----------------------+------------------------+---------------------------------------+----------------------------+
; 3:1                ; 4 bits    ; 8 LEs         ; 4 LEs                ; 4 LEs                  ; |LCD_top|count[3]                     ;                            ;
; 3:1                ; 3 bits    ; 6 LEs         ; 3 LEs                ; 3 LEs                  ; |LCD_top|LCD_Driver:driver|iDataIn[1] ;                            ;
; 5:1                ; 8 bits    ; 24 LEs        ; 8 LEs                ; 16 LEs                 ; |LCD_top|LCD_Driver:driver|bitNum[4]  ;                            ;
; 7:1                ; 5 bits    ; 20 LEs        ; 20 LEs               ; 0 LEs                  ; |LCD_top|LCD_Driver:driver|dataOut[1] ;                            ;
; 3:1                ; 3 bits    ; 6 LEs         ; 3 LEs                ; 3 LEs                  ; |LCD_top|LCD_Driver:driver|dataOut    ;                            ;
; 33:1               ; 3 bits    ; 66 LEs        ; 24 LEs               ; 42 LEs                 ; |LCD_top|LCD_Driver:driver|dataOut    ;                            ;
+--------------------+-----------+---------------+----------------------+------------------------+---------------------------------------+----------------------------+


+-----------------------------------------------+
; Port Connectivity Checks: "clkDivSel:U3"      ;
+-------------+-------+----------+--------------+
; Port        ; Type  ; Severity ; Details      ;
+-------------+-------+----------+--------------+
; freq[25..3] ; Input ; Info     ; Stuck at GND ;
; freq[1..0]  ; Input ; Info     ; Stuck at GND ;
; freq[2]     ; Input ; Info     ; Stuck at VCC ;
+-------------+-------+----------+--------------+


+-----------------------------------------------+
; Port Connectivity Checks: "clkDivSel:U1"      ;
+-------------+-------+----------+--------------+
; Port        ; Type  ; Severity ; Details      ;
+-------------+-------+----------+--------------+
; freq[25..1] ; Input ; Info     ; Stuck at GND ;
; freq[0]     ; Input ; Info     ; Stuck at VCC ;
+-------------+-------+----------+--------------+


+------------------------------------------------+
; Port Connectivity Checks: "clkDivSel:U0"       ;
+--------------+-------+----------+--------------+
; Port         ; Type  ; Severity ; Details      ;
+--------------+-------+----------+--------------+
; freq[10..8]  ; Input ; Info     ; Stuck at VCC ;
; freq[25..14] ; Input ; Info     ; Stuck at GND ;
; freq[12..11] ; Input ; Info     ; Stuck at GND ;
; freq[7..5]   ; Input ; Info     ; Stuck at GND ;
; freq[3..0]   ; Input ; Info     ; Stuck at GND ;
; freq[13]     ; Input ; Info     ; Stuck at VCC ;
; freq[4]      ; Input ; Info     ; Stuck at VCC ;
+--------------+-------+----------+--------------+


+-------------------------------+
; Elapsed Time Per Partition    ;
+----------------+--------------+
; Partition Name ; Elapsed Time ;
+----------------+--------------+
; Top            ; 00:00:04     ;
+----------------+--------------+


+-------------------------------+
; Analysis & Synthesis Messages ;
+-------------------------------+
Info: *******************************************************************
Info: Running Quartus II 32-bit Analysis & Synthesis
    Info: Version 11.1 Build 216 11/23/2011 Service Pack 1 SJ Web Edition
    Info: Processing started: Thu Mar 08 23:00:34 2012
Info: Command: quartus_map --read_settings_files=on --write_settings_files=off LCD_top -c LCD_top
Warning (20028): Parallel compilation is not licensed and has been disabled
Info (12021): Found 1 design units, including 1 entities, in source file lcd_top.v
    Info (12023): Found entity 1: LCD_top
Info (12021): Found 1 design units, including 1 entities, in source file lcd_driver.v
    Info (12023): Found entity 1: LCD_Driver
Info (12021): Found 1 design units, including 1 entities, in source file clkdiv.v
    Info (12023): Found entity 1: clkDiv
Info (12021): Found 1 design units, including 1 entities, in source file clkdiv1hz.v
    Info (12023): Found entity 1: clkDiv1Hz
Info (12021): Found 1 design units, including 1 entities, in source file clkdifrf.v
    Info (12023): Found entity 1: clkDivRF
Info (12021): Found 1 design units, including 1 entities, in source file clkdivsel.v
    Info (12023): Found entity 1: clkDivSel
Info (12127): Elaborating entity "LCD_top" for the top level hierarchy
Warning (10034): Output port "LEDs[9..5]" at LCD_top.v(5) has no driver
Info (12128): Elaborating entity "clkDivSel" for hierarchy "clkDivSel:U0"
Warning (10230): Verilog HDL assignment warning at clkDivSel.v(16): truncated value with size 32 to match size of target (26)
Info (12128): Elaborating entity "LCD_Driver" for hierarchy "LCD_Driver:driver"
Info (13005): Duplicate registers merged to single register
Warning (13024): Output pins are stuck at VCC or GND
    Warning (13410): Pin "LEDs[5]" is stuck at GND
    Warning (13410): Pin "LEDs[6]" is stuck at GND
    Warning (13410): Pin "LEDs[7]" is stuck at GND
    Warning (13410): Pin "LEDs[8]" is stuck at GND
    Warning (13410): Pin "LEDs[9]" is stuck at GND
    Warning (13410): Pin "RW" is stuck at GND
Info (286030): Timing-Driven Synthesis is running
Info (16010): Generating hard_block partition "hard_block:auto_generated_inst"
Info (21057): Implemented 293 device resources after synthesis - the final resource count might be different
    Info (21058): Implemented 2 input pins
    Info (21059): Implemented 21 output pins
    Info (21061): Implemented 270 logic cells
Info: Quartus II 32-bit Analysis & Synthesis was successful. 0 errors, 10 warnings
    Info: Peak virtual memory: 294 megabytes
    Info: Processing ended: Thu Mar 08 23:00:37 2012
    Info: Elapsed time: 00:00:03
    Info: Total CPU time (on all processors): 00:00:03


