Analysis & Synthesis report for proc
Tue Mar 06 17:10:08 2012
Quartus II 32-bit Version 11.1 Build 216 11/23/2011 Service Pack 1 SJ Web Edition


---------------------
; Table of Contents ;
---------------------
  1. Legal Notice
  2. Analysis & Synthesis Summary
  3. Analysis & Synthesis Settings
  4. Parallel Compilation
  5. Analysis & Synthesis Source Files Read
  6. Analysis & Synthesis Resource Usage Summary
  7. Analysis & Synthesis Resource Utilization by Entity
  8. User-Specified and Inferred Latches
  9. Registers Removed During Synthesis
 10. General Register Statistics
 11. Multiplexer Restructuring Statistics (Restructuring Performed)
 12. Port Connectivity Checks: "ALU:alu"
 13. Port Connectivity Checks: "clkDiv10Khz:U1"
 14. Elapsed Time Per Partition
 15. Analysis & Synthesis Messages
 16. Analysis & Synthesis Suppressed Messages



----------------
; Legal Notice ;
----------------
Copyright (C) 1991-2011 Altera Corporation
Your use of Altera Corporation's design tools, logic functions 
and other software and tools, and its AMPP partner logic 
functions, and any output files from any of the foregoing 
(including device programming or simulation files), and any 
associated documentation or information are expressly subject 
to the terms and conditions of the Altera Program License 
Subscription Agreement, Altera MegaCore Function License 
Agreement, or other applicable license agreement, including, 
without limitation, that your use is for the sole purpose of 
programming logic devices manufactured by Altera and sold by 
Altera or its authorized distributors.  Please refer to the 
applicable agreement for further details.



+------------------------------------------------------------------------------------+
; Analysis & Synthesis Summary                                                       ;
+------------------------------------+-----------------------------------------------+
; Analysis & Synthesis Status        ; Successful - Tue Mar 06 17:10:08 2012         ;
; Quartus II 32-bit Version          ; 11.1 Build 216 11/23/2011 SP 1 SJ Web Edition ;
; Revision Name                      ; proc                                          ;
; Top-level Entity Name              ; proc                                          ;
; Family                             ; Cyclone III                                   ;
; Total logic elements               ; 1,071                                         ;
;     Total combinational functions  ; 737                                           ;
;     Dedicated logic registers      ; 556                                           ;
; Total registers                    ; 556                                           ;
; Total pins                         ; 14                                            ;
; Total virtual pins                 ; 0                                             ;
; Total memory bits                  ; 0                                             ;
; Embedded Multiplier 9-bit elements ; 0                                             ;
; Total PLLs                         ; 0                                             ;
+------------------------------------+-----------------------------------------------+


+----------------------------------------------------------------------------------------------------------------------+
; Analysis & Synthesis Settings                                                                                        ;
+----------------------------------------------------------------------------+--------------------+--------------------+
; Option                                                                     ; Setting            ; Default Value      ;
+----------------------------------------------------------------------------+--------------------+--------------------+
; Device                                                                     ; EP3C16F484C6       ;                    ;
; Top-level entity name                                                      ; proc               ; proc               ;
; Family name                                                                ; Cyclone III        ; Cyclone IV GX      ;
; Use smart compilation                                                      ; Off                ; Off                ;
; Enable parallel Assembler and TimeQuest Timing Analyzer during compilation ; On                 ; On                 ;
; Enable compact report table                                                ; Off                ; Off                ;
; Restructure Multiplexers                                                   ; Auto               ; Auto               ;
; Create Debugging Nodes for IP Cores                                        ; Off                ; Off                ;
; Preserve fewer node names                                                  ; On                 ; On                 ;
; Disable OpenCore Plus hardware evaluation                                  ; Off                ; Off                ;
; Verilog Version                                                            ; Verilog_2001       ; Verilog_2001       ;
; VHDL Version                                                               ; VHDL_1993          ; VHDL_1993          ;
; State Machine Processing                                                   ; Auto               ; Auto               ;
; Safe State Machine                                                         ; Off                ; Off                ;
; Extract Verilog State Machines                                             ; On                 ; On                 ;
; Extract VHDL State Machines                                                ; On                 ; On                 ;
; Ignore Verilog initial constructs                                          ; Off                ; Off                ;
; Iteration limit for constant Verilog loops                                 ; 5000               ; 5000               ;
; Iteration limit for non-constant Verilog loops                             ; 250                ; 250                ;
; Add Pass-Through Logic to Inferred RAMs                                    ; On                 ; On                 ;
; Infer RAMs from Raw Logic                                                  ; On                 ; On                 ;
; Parallel Synthesis                                                         ; On                 ; On                 ;
; DSP Block Balancing                                                        ; Auto               ; Auto               ;
; NOT Gate Push-Back                                                         ; On                 ; On                 ;
; Power-Up Don't Care                                                        ; On                 ; On                 ;
; Remove Redundant Logic Cells                                               ; Off                ; Off                ;
; Remove Duplicate Registers                                                 ; On                 ; On                 ;
; Ignore CARRY Buffers                                                       ; Off                ; Off                ;
; Ignore CASCADE Buffers                                                     ; Off                ; Off                ;
; Ignore GLOBAL Buffers                                                      ; Off                ; Off                ;
; Ignore ROW GLOBAL Buffers                                                  ; Off                ; Off                ;
; Ignore LCELL Buffers                                                       ; Off                ; Off                ;
; Ignore SOFT Buffers                                                        ; On                 ; On                 ;
; Limit AHDL Integers to 32 Bits                                             ; Off                ; Off                ;
; Optimization Technique                                                     ; Balanced           ; Balanced           ;
; Carry Chain Length                                                         ; 70                 ; 70                 ;
; Auto Carry Chains                                                          ; On                 ; On                 ;
; Auto Open-Drain Pins                                                       ; On                 ; On                 ;
; Perform WYSIWYG Primitive Resynthesis                                      ; Off                ; Off                ;
; Auto ROM Replacement                                                       ; On                 ; On                 ;
; Auto RAM Replacement                                                       ; On                 ; On                 ;
; Auto DSP Block Replacement                                                 ; On                 ; On                 ;
; Auto Shift Register Replacement                                            ; Auto               ; Auto               ;
; Allow Shift Register Merging across Hierarchies                            ; Auto               ; Auto               ;
; Auto Clock Enable Replacement                                              ; On                 ; On                 ;
; Strict RAM Replacement                                                     ; Off                ; Off                ;
; Allow Synchronous Control Signals                                          ; On                 ; On                 ;
; Force Use of Synchronous Clear Signals                                     ; Off                ; Off                ;
; Auto RAM Block Balancing                                                   ; On                 ; On                 ;
; Auto RAM to Logic Cell Conversion                                          ; Off                ; Off                ;
; Auto Resource Sharing                                                      ; Off                ; Off                ;
; Allow Any RAM Size For Recognition                                         ; Off                ; Off                ;
; Allow Any ROM Size For Recognition                                         ; Off                ; Off                ;
; Allow Any Shift Register Size For Recognition                              ; Off                ; Off                ;
; Use LogicLock Constraints during Resource Balancing                        ; On                 ; On                 ;
; Ignore translate_off and synthesis_off directives                          ; Off                ; Off                ;
; Timing-Driven Synthesis                                                    ; On                 ; On                 ;
; Report Parameter Settings                                                  ; On                 ; On                 ;
; Report Source Assignments                                                  ; On                 ; On                 ;
; Report Connectivity Checks                                                 ; On                 ; On                 ;
; Ignore Maximum Fan-Out Assignments                                         ; Off                ; Off                ;
; Synchronization Register Chain Length                                      ; 2                  ; 2                  ;
; PowerPlay Power Optimization                                               ; Normal compilation ; Normal compilation ;
; HDL message level                                                          ; Level2             ; Level2             ;
; Suppress Register Optimization Related Messages                            ; Off                ; Off                ;
; Number of Removed Registers Reported in Synthesis Report                   ; 5000               ; 5000               ;
; Number of Inverted Registers Reported in Synthesis Report                  ; 100                ; 100                ;
; Clock MUX Protection                                                       ; On                 ; On                 ;
; Auto Gated Clock Conversion                                                ; Off                ; Off                ;
; Block Design Naming                                                        ; Auto               ; Auto               ;
; SDC constraint protection                                                  ; Off                ; Off                ;
; Synthesis Effort                                                           ; Auto               ; Auto               ;
; Shift Register Replacement - Allow Asynchronous Clear Signal               ; On                 ; On                 ;
; Analysis & Synthesis Message Level                                         ; Medium             ; Medium             ;
; Disable Register Merging Across Hierarchies                                ; Auto               ; Auto               ;
; Resource Aware Inference For Block RAM                                     ; On                 ; On                 ;
; Synthesis Seed                                                             ; 1                  ; 1                  ;
+----------------------------------------------------------------------------+--------------------+--------------------+


Parallel compilation was disabled, but you have multiple processors available. Enable parallel compilation to reduce compilation time.
+-------------------------------------+
; Parallel Compilation                ;
+----------------------------+--------+
; Processors                 ; Number ;
+----------------------------+--------+
; Number detected on machine ; 4      ;
; Maximum allowed            ; 1      ;
+----------------------------+--------+


+---------------------------------------------------------------------------------------------------------------------------------+
; Analysis & Synthesis Source Files Read                                                                                          ;
+----------------------------------+-----------------+------------------------+---------------------------------------------------+
; File Name with User-Entered Path ; Used in Netlist ; File Type              ; File Name with Absolute Path                      ;
+----------------------------------+-----------------+------------------------+---------------------------------------------------+
; proc.v                           ; yes             ; User Verilog HDL File  ; E:/quartus_workspace/rob_processor/proc.v         ;
; MAR.v                            ; yes             ; User Verilog HDL File  ; E:/quartus_workspace/rob_processor/MAR.v          ;
; Memory.v                         ; yes             ; User Verilog HDL File  ; E:/quartus_workspace/rob_processor/Memory.v       ;
; MDR.v                            ; yes             ; User Verilog HDL File  ; E:/quartus_workspace/rob_processor/MDR.v          ;
; ALU.v                            ; yes             ; User Verilog HDL File  ; E:/quartus_workspace/rob_processor/ALU.v          ;
; IR.v                             ; yes             ; User Verilog HDL File  ; E:/quartus_workspace/rob_processor/IR.v           ;
; PC.v                             ; yes             ; User Verilog HDL File  ; E:/quartus_workspace/rob_processor/PC.v           ;
; AC.v                             ; yes             ; User Verilog HDL File  ; E:/quartus_workspace/rob_processor/AC.v           ;
; ControlBlock.v                   ; yes             ; User Verilog HDL File  ; E:/quartus_workspace/rob_processor/ControlBlock.v ;
; clkDiv.v                         ; yes             ; User Verilog HDL File  ; E:/quartus_workspace/rob_processor/clkDiv.v       ;
; clkDiv10Khz.v                    ; yes             ; User Verilog HDL File  ; E:/quartus_workspace/rob_processor/clkDiv10Khz.v  ;
; LCD_Driver.v                     ; yes             ; User Verilog HDL File  ; E:/quartus_workspace/rob_processor/LCD_Driver.v   ;
+----------------------------------+-----------------+------------------------+---------------------------------------------------+


+---------------------------------------------------------+
; Analysis & Synthesis Resource Usage Summary             ;
+---------------------------------------------+-----------+
; Resource                                    ; Usage     ;
+---------------------------------------------+-----------+
; Estimated Total logic elements              ; 1,071     ;
;                                             ;           ;
; Total combinational functions               ; 737       ;
; Logic element usage by number of LUT inputs ;           ;
;     -- 4 input functions                    ; 382       ;
;     -- 3 input functions                    ; 166       ;
;     -- <=2 input functions                  ; 189       ;
;                                             ;           ;
; Logic elements by mode                      ;           ;
;     -- normal mode                          ; 671       ;
;     -- arithmetic mode                      ; 66        ;
;                                             ;           ;
; Total registers                             ; 556       ;
;     -- Dedicated logic registers            ; 556       ;
;     -- I/O registers                        ; 0         ;
;                                             ;           ;
; I/O pins                                    ; 14        ;
; Maximum fan-out node                        ; clk~input ;
; Maximum fan-out                             ; 556       ;
; Total fan-out                               ; 4079      ;
; Average fan-out                             ; 3.09      ;
+---------------------------------------------+-----------+


+---------------------------------------------------------------------------------------------------------------------------------------------------------------------------------------+
; Analysis & Synthesis Resource Utilization by Entity                                                                                                                                   ;
+-----------------------------+-------------------+--------------+-------------+--------------+---------+-----------+------+--------------+------------------------------+--------------+
; Compilation Hierarchy Node  ; LC Combinationals ; LC Registers ; Memory Bits ; DSP Elements ; DSP 9x9 ; DSP 18x18 ; Pins ; Virtual Pins ; Full Hierarchy Name          ; Library Name ;
+-----------------------------+-------------------+--------------+-------------+--------------+---------+-----------+------+--------------+------------------------------+--------------+
; |proc                       ; 737 (36)          ; 556 (0)      ; 0           ; 0            ; 0       ; 0         ; 14   ; 0            ; |proc                        ;              ;
;    |AC:ac|                  ; 20 (20)           ; 37 (37)      ; 0           ; 0            ; 0       ; 0         ; 0    ; 0            ; |proc|AC:ac                  ;              ;
;    |ALU:alu|                ; 72 (72)           ; 0 (0)        ; 0           ; 0            ; 0       ; 0         ; 0    ; 0            ; |proc|ALU:alu                ;              ;
;    |ControlBlock:ctrlBlock| ; 118 (118)         ; 25 (25)      ; 0           ; 0            ; 0       ; 0         ; 0    ; 0            ; |proc|ControlBlock:ctrlBlock ;              ;
;    |IR:ir|                  ; 19 (19)           ; 36 (36)      ; 0           ; 0            ; 0       ; 0         ; 0    ; 0            ; |proc|IR:ir                  ;              ;
;    |LCD_Driver:lcd|         ; 133 (133)         ; 26 (26)      ; 0           ; 0            ; 0       ; 0         ; 0    ; 0            ; |proc|LCD_Driver:lcd         ;              ;
;    |MAR:mar|                ; 14 (14)           ; 26 (26)      ; 0           ; 0            ; 0       ; 0         ; 0    ; 0            ; |proc|MAR:mar                ;              ;
;    |MDR:mdr|                ; 19 (19)           ; 36 (36)      ; 0           ; 0            ; 0       ; 0         ; 0    ; 0            ; |proc|MDR:mdr                ;              ;
;    |Memory:mem|             ; 237 (237)         ; 306 (306)    ; 0           ; 0            ; 0       ; 0         ; 0    ; 0            ; |proc|Memory:mem             ;              ;
;    |PC:pc|                  ; 20 (20)           ; 37 (37)      ; 0           ; 0            ; 0       ; 0         ; 0    ; 0            ; |proc|PC:pc                  ;              ;
;    |clkDiv:U0|              ; 49 (49)           ; 27 (27)      ; 0           ; 0            ; 0       ; 0         ; 0    ; 0            ; |proc|clkDiv:U0              ;              ;
+-----------------------------+-------------------+--------------+-------------+--------------+---------+-----------+------+--------------+------------------------------+--------------+
Note: For table entries with two numbers listed, the numbers in parentheses indicate the number of resources of the given type used by the specific entity alone. The numbers listed outside of parentheses indicate the total resources of the given type used by the specific entity and all of its sub-entities in the hierarchy.


+------------------------------------------------------------------------------------------------------------+
; User-Specified and Inferred Latches                                                                        ;
+-----------------------------------------------------+-----------------------------+------------------------+
; Latch Name                                          ; Latch Enable Signal         ; Free of Timing Hazards ;
+-----------------------------------------------------+-----------------------------+------------------------+
; LCD_Driver:lcd|iDataIn[12]                          ; LCD_Driver:lcd|ienable      ; yes                    ;
; LCD_Driver:lcd|iDataIn[0]                           ; LCD_Driver:lcd|ienable      ; yes                    ;
; LCD_Driver:lcd|iDataIn[8]                           ; LCD_Driver:lcd|ienable      ; yes                    ;
; LCD_Driver:lcd|iDataIn[4]                           ; LCD_Driver:lcd|ienable      ; yes                    ;
; LCD_Driver:lcd|iDataIn[3]                           ; LCD_Driver:lcd|ienable      ; yes                    ;
; LCD_Driver:lcd|iDataIn[15]                          ; LCD_Driver:lcd|ienable      ; yes                    ;
; LCD_Driver:lcd|iDataIn[11]                          ; LCD_Driver:lcd|ienable      ; yes                    ;
; LCD_Driver:lcd|iDataIn[7]                           ; LCD_Driver:lcd|ienable      ; yes                    ;
; LCD_Driver:lcd|iDataIn[1]                           ; LCD_Driver:lcd|ienable      ; yes                    ;
; LCD_Driver:lcd|iDataIn[13]                          ; LCD_Driver:lcd|ienable      ; yes                    ;
; LCD_Driver:lcd|iDataIn[9]                           ; LCD_Driver:lcd|ienable      ; yes                    ;
; LCD_Driver:lcd|iDataIn[5]                           ; LCD_Driver:lcd|ienable      ; yes                    ;
; LCD_Driver:lcd|iDataIn[14]                          ; LCD_Driver:lcd|ienable      ; yes                    ;
; LCD_Driver:lcd|iDataIn[2]                           ; LCD_Driver:lcd|ienable      ; yes                    ;
; LCD_Driver:lcd|iDataIn[10]                          ; LCD_Driver:lcd|ienable      ; yes                    ;
; LCD_Driver:lcd|iDataIn[6]                           ; LCD_Driver:lcd|ienable      ; yes                    ;
; LCD_Driver:lcd|iDataIn[17]                          ; LCD_Driver:lcd|ienable      ; yes                    ;
; LCD_Driver:lcd|iDataIn[16]                          ; LCD_Driver:lcd|ienable      ; yes                    ;
; ALU:alu|alu_out[12]$latch                           ; ControlBlock:ctrlBlock|eALU ; yes                    ;
; ALU:alu|alu_out[0]$latch                            ; ControlBlock:ctrlBlock|eALU ; yes                    ;
; ALU:alu|alu_out[8]$latch                            ; ControlBlock:ctrlBlock|eALU ; yes                    ;
; ALU:alu|alu_out[4]$latch                            ; ControlBlock:ctrlBlock|eALU ; yes                    ;
; ALU:alu|alu_out[3]$latch                            ; ControlBlock:ctrlBlock|eALU ; yes                    ;
; ALU:alu|alu_out[15]$latch                           ; ControlBlock:ctrlBlock|eALU ; yes                    ;
; ALU:alu|alu_out[11]$latch                           ; ControlBlock:ctrlBlock|eALU ; yes                    ;
; ALU:alu|alu_out[7]$latch                            ; ControlBlock:ctrlBlock|eALU ; yes                    ;
; ALU:alu|alu_out[1]$latch                            ; ControlBlock:ctrlBlock|eALU ; yes                    ;
; ALU:alu|alu_out[13]$latch                           ; ControlBlock:ctrlBlock|eALU ; yes                    ;
; ALU:alu|alu_out[9]$latch                            ; ControlBlock:ctrlBlock|eALU ; yes                    ;
; ALU:alu|alu_out[5]$latch                            ; ControlBlock:ctrlBlock|eALU ; yes                    ;
; ALU:alu|alu_out[14]$latch                           ; ControlBlock:ctrlBlock|eALU ; yes                    ;
; ALU:alu|alu_out[2]$latch                            ; ControlBlock:ctrlBlock|eALU ; yes                    ;
; ALU:alu|alu_out[10]$latch                           ; ControlBlock:ctrlBlock|eALU ; yes                    ;
; ALU:alu|alu_out[6]$latch                            ; ControlBlock:ctrlBlock|eALU ; yes                    ;
; ALU:alu|alu_out[17]$latch                           ; ControlBlock:ctrlBlock|eALU ; yes                    ;
; ALU:alu|alu_out[16]$latch                           ; ControlBlock:ctrlBlock|eALU ; yes                    ;
; Number of user-specified and inferred latches = 36  ;                             ;                        ;
+-----------------------------------------------------+-----------------------------+------------------------+
Note: All latches listed above may not be present at the end of synthesis due to various synthesis optimizations.


+--------------------------------------------------------------------------------------+
; Registers Removed During Synthesis                                                   ;
+-----------------------------------------+--------------------------------------------+
; Register name                           ; Reason for Removal                         ;
+-----------------------------------------+--------------------------------------------+
; MAR:mar|MARout[0]~en                    ; Lost fanout                                ;
; MAR:mar|MARout[1]~en                    ; Lost fanout                                ;
; MAR:mar|MARout[2]~en                    ; Lost fanout                                ;
; MAR:mar|MARout[3]~en                    ; Lost fanout                                ;
; MAR:mar|MARout[4]~en                    ; Lost fanout                                ;
; MAR:mar|MARout[5]~en                    ; Lost fanout                                ;
; MAR:mar|MARout[6]~en                    ; Lost fanout                                ;
; MAR:mar|MARout[7]~en                    ; Lost fanout                                ;
; MAR:mar|MARout[8]~en                    ; Lost fanout                                ;
; MAR:mar|MARout[9]~en                    ; Lost fanout                                ;
; MAR:mar|MARout[10]~en                   ; Lost fanout                                ;
; MAR:mar|MARout[11]~en                   ; Lost fanout                                ;
; MAR:mar|MARout[12]~en                   ; Lost fanout                                ;
; IR:ir|IRout[0]~en                       ; Lost fanout                                ;
; IR:ir|IRout[1]~en                       ; Lost fanout                                ;
; IR:ir|IRout[2]~en                       ; Lost fanout                                ;
; IR:ir|IRout[3]~en                       ; Lost fanout                                ;
; IR:ir|IRout[4]~en                       ; Lost fanout                                ;
; IR:ir|IRout[5]~en                       ; Lost fanout                                ;
; IR:ir|IRout[6]~en                       ; Lost fanout                                ;
; IR:ir|IRout[7]~en                       ; Lost fanout                                ;
; IR:ir|IRout[8]~en                       ; Lost fanout                                ;
; IR:ir|IRout[9]~en                       ; Lost fanout                                ;
; IR:ir|IRout[10]~en                      ; Lost fanout                                ;
; IR:ir|IRout[11]~en                      ; Lost fanout                                ;
; IR:ir|IRout[12]~en                      ; Lost fanout                                ;
; IR:ir|IRout[13]~en                      ; Lost fanout                                ;
; IR:ir|IRout[14]~en                      ; Lost fanout                                ;
; IR:ir|IRout[15]~en                      ; Lost fanout                                ;
; IR:ir|IRout[16]~en                      ; Lost fanout                                ;
; IR:ir|IRout[17]~en                      ; Lost fanout                                ;
; MDR:mdr|MDRout[0]~en                    ; Lost fanout                                ;
; MDR:mdr|MDRout[1]~en                    ; Lost fanout                                ;
; MDR:mdr|MDRout[2]~en                    ; Lost fanout                                ;
; MDR:mdr|MDRout[3]~en                    ; Lost fanout                                ;
; MDR:mdr|MDRout[4]~en                    ; Lost fanout                                ;
; MDR:mdr|MDRout[5]~en                    ; Lost fanout                                ;
; MDR:mdr|MDRout[6]~en                    ; Lost fanout                                ;
; MDR:mdr|MDRout[7]~en                    ; Lost fanout                                ;
; MDR:mdr|MDRout[8]~en                    ; Lost fanout                                ;
; MDR:mdr|MDRout[9]~en                    ; Lost fanout                                ;
; MDR:mdr|MDRout[10]~en                   ; Lost fanout                                ;
; MDR:mdr|MDRout[11]~en                   ; Lost fanout                                ;
; MDR:mdr|MDRout[12]~en                   ; Lost fanout                                ;
; MDR:mdr|MDRout[13]~en                   ; Lost fanout                                ;
; MDR:mdr|MDRout[14]~en                   ; Lost fanout                                ;
; MDR:mdr|MDRout[15]~en                   ; Lost fanout                                ;
; MDR:mdr|MDRout[16]~en                   ; Lost fanout                                ;
; MDR:mdr|MDRout[17]~en                   ; Lost fanout                                ;
; AC:ac|ACout[10]~en                      ; Merged with AC:ac|ACout[0]~en              ;
; AC:ac|ACout[11]~en                      ; Merged with AC:ac|ACout[0]~en              ;
; AC:ac|ACout[12]~en                      ; Merged with AC:ac|ACout[0]~en              ;
; AC:ac|ACout[13]~en                      ; Merged with AC:ac|ACout[0]~en              ;
; AC:ac|ACout[14]~en                      ; Merged with AC:ac|ACout[0]~en              ;
; AC:ac|ACout[15]~en                      ; Merged with AC:ac|ACout[0]~en              ;
; AC:ac|ACout[16]~en                      ; Merged with AC:ac|ACout[0]~en              ;
; AC:ac|ACout[17]~en                      ; Merged with AC:ac|ACout[0]~en              ;
; AC:ac|ACout[1]~en                       ; Merged with AC:ac|ACout[0]~en              ;
; AC:ac|ACout[2]~en                       ; Merged with AC:ac|ACout[0]~en              ;
; AC:ac|ACout[3]~en                       ; Merged with AC:ac|ACout[0]~en              ;
; AC:ac|ACout[4]~en                       ; Merged with AC:ac|ACout[0]~en              ;
; AC:ac|ACout[5]~en                       ; Merged with AC:ac|ACout[0]~en              ;
; AC:ac|ACout[6]~en                       ; Merged with AC:ac|ACout[0]~en              ;
; AC:ac|ACout[7]~en                       ; Merged with AC:ac|ACout[0]~en              ;
; AC:ac|ACout[8]~en                       ; Merged with AC:ac|ACout[0]~en              ;
; AC:ac|ACout[9]~en                       ; Merged with AC:ac|ACout[0]~en              ;
; PC:pc|PCout[10]~en                      ; Merged with PC:pc|PCout[0]~en              ;
; PC:pc|PCout[11]~en                      ; Merged with PC:pc|PCout[0]~en              ;
; PC:pc|PCout[12]~en                      ; Merged with PC:pc|PCout[0]~en              ;
; PC:pc|PCout[13]~en                      ; Merged with PC:pc|PCout[0]~en              ;
; PC:pc|PCout[14]~en                      ; Merged with PC:pc|PCout[0]~en              ;
; PC:pc|PCout[15]~en                      ; Merged with PC:pc|PCout[0]~en              ;
; PC:pc|PCout[16]~en                      ; Merged with PC:pc|PCout[0]~en              ;
; PC:pc|PCout[17]~en                      ; Merged with PC:pc|PCout[0]~en              ;
; PC:pc|PCout[1]~en                       ; Merged with PC:pc|PCout[0]~en              ;
; PC:pc|PCout[2]~en                       ; Merged with PC:pc|PCout[0]~en              ;
; PC:pc|PCout[3]~en                       ; Merged with PC:pc|PCout[0]~en              ;
; PC:pc|PCout[4]~en                       ; Merged with PC:pc|PCout[0]~en              ;
; PC:pc|PCout[5]~en                       ; Merged with PC:pc|PCout[0]~en              ;
; PC:pc|PCout[6]~en                       ; Merged with PC:pc|PCout[0]~en              ;
; PC:pc|PCout[7]~en                       ; Merged with PC:pc|PCout[0]~en              ;
; PC:pc|PCout[8]~en                       ; Merged with PC:pc|PCout[0]~en              ;
; PC:pc|PCout[9]~en                       ; Merged with PC:pc|PCout[0]~en              ;
; LCD_Driver:lcd|cntCurPos[3..7]          ; Merged with LCD_Driver:lcd|cntCurPos[2]    ;
; LCD_Driver:lcd|dataOut[5]               ; Merged with LCD_Driver:lcd|dataOut[4]      ;
; LCD_Driver:lcd|count[5..7]              ; Merged with LCD_Driver:lcd|count[4]        ;
; ControlBlock:ctrlBlock|lcdLine          ; Merged with ControlBlock:ctrlBlock|cALU[2] ;
; ControlBlock:ctrlBlock|lcdLineSel       ; Merged with ControlBlock:ctrlBlock|cALU[2] ;
; ControlBlock:ctrlBlock|wMDRbus          ; Merged with ControlBlock:ctrlBlock|cALU[2] ;
; ControlBlock:ctrlBlock|wPC              ; Merged with ControlBlock:ctrlBlock|cALU[2] ;
; ControlBlock:ctrlBlock|lcdW             ; Stuck at VCC due to stuck port data_in     ;
; ControlBlock:ctrlBlock|cALU[2]          ; Stuck at GND due to stuck port data_in     ;
; LCD_Driver:lcd|iline                    ; Stuck at GND due to stuck port data_in     ;
; LCD_Driver:lcd|RW                       ; Stuck at GND due to stuck port data_in     ;
; LCD_Driver:lcd|isetLine                 ; Stuck at GND due to stuck port data_in     ;
; LCD_Driver:lcd|cntCurPos[2]             ; Stuck at GND due to stuck port data_in     ;
; LCD_Driver:lcd|count[4]                 ; Stuck at GND due to stuck port data_in     ;
; Total Number of Removed Registers = 103 ;                                            ;
+-----------------------------------------+--------------------------------------------+


+------------------------------------------------------+
; General Register Statistics                          ;
+----------------------------------------------+-------+
; Statistic                                    ; Value ;
+----------------------------------------------+-------+
; Total registers                              ; 556   ;
; Number of registers using Synchronous Clear  ; 36    ;
; Number of registers using Synchronous Load   ; 7     ;
; Number of registers using Asynchronous Clear ; 0     ;
; Number of registers using Asynchronous Load  ; 0     ;
; Number of registers using Clock Enable       ; 493   ;
; Number of registers using Preset             ; 0     ;
+----------------------------------------------+-------+


+---------------------------------------------------------------------------------------------------------------------------------------------------------------------+
; Multiplexer Restructuring Statistics (Restructuring Performed)                                                                                                      ;
+--------------------+-----------+---------------+----------------------+------------------------+---------------------------------------+----------------------------+
; Multiplexer Inputs ; Bus Width ; Baseline Area ; Area if Restructured ; Saving if Restructured ; Registered                            ; Example Multiplexer Output ;
+--------------------+-----------+---------------+----------------------+------------------------+---------------------------------------+----------------------------+
; 3:1                ; 18 bits   ; 36 LEs        ; 18 LEs               ; 18 LEs                 ; |proc|MDR:mdr|MDR[4]                  ;                            ;
; 4:1                ; 18 bits   ; 36 LEs        ; 36 LEs               ; 0 LEs                  ; |proc|PC:pc|PC[13]                    ;                            ;
; 16:1               ; 18 bits   ; 180 LEs       ; 180 LEs              ; 0 LEs                  ; |proc|Memory:mem|DataOut[7]           ;                            ;
; 5:1                ; 18 bits   ; 54 LEs        ; 18 LEs               ; 36 LEs                 ; |proc|Memory:mem|Mem[14][2]           ;                            ;
; 5:1                ; 18 bits   ; 54 LEs        ; 18 LEs               ; 36 LEs                 ; |proc|Memory:mem|Mem[13][0]           ;                            ;
; 5:1                ; 18 bits   ; 54 LEs        ; 18 LEs               ; 36 LEs                 ; |proc|Memory:mem|Mem[12][12]          ;                            ;
; 5:1                ; 18 bits   ; 54 LEs        ; 18 LEs               ; 36 LEs                 ; |proc|Memory:mem|Mem[11][5]           ;                            ;
; 5:1                ; 18 bits   ; 54 LEs        ; 18 LEs               ; 36 LEs                 ; |proc|Memory:mem|Mem[10][9]           ;                            ;
; 5:1                ; 18 bits   ; 54 LEs        ; 18 LEs               ; 36 LEs                 ; |proc|Memory:mem|Mem[9][1]            ;                            ;
; 5:1                ; 18 bits   ; 54 LEs        ; 18 LEs               ; 36 LEs                 ; |proc|Memory:mem|Mem[8][8]            ;                            ;
; 5:1                ; 18 bits   ; 54 LEs        ; 18 LEs               ; 36 LEs                 ; |proc|Memory:mem|Mem[7][8]            ;                            ;
; 5:1                ; 18 bits   ; 54 LEs        ; 18 LEs               ; 36 LEs                 ; |proc|Memory:mem|Mem[6][8]            ;                            ;
; 5:1                ; 18 bits   ; 54 LEs        ; 18 LEs               ; 36 LEs                 ; |proc|Memory:mem|Mem[5][10]           ;                            ;
; 5:1                ; 18 bits   ; 54 LEs        ; 18 LEs               ; 36 LEs                 ; |proc|Memory:mem|Mem[4][12]           ;                            ;
; 5:1                ; 18 bits   ; 54 LEs        ; 18 LEs               ; 36 LEs                 ; |proc|Memory:mem|Mem[3][1]            ;                            ;
; 5:1                ; 18 bits   ; 54 LEs        ; 18 LEs               ; 36 LEs                 ; |proc|Memory:mem|Mem[2][15]           ;                            ;
; 5:1                ; 18 bits   ; 54 LEs        ; 18 LEs               ; 36 LEs                 ; |proc|Memory:mem|Mem[1][3]            ;                            ;
; 5:1                ; 18 bits   ; 54 LEs        ; 18 LEs               ; 36 LEs                 ; |proc|Memory:mem|Mem[0][6]            ;                            ;
; 5:1                ; 8 bits    ; 24 LEs        ; 8 LEs                ; 16 LEs                 ; |proc|LCD_Driver:lcd|bitNum[7]        ;                            ;
; 15:1               ; 2 bits    ; 20 LEs        ; 8 LEs                ; 12 LEs                 ; |proc|ControlBlock:ctrlBlock|lcdRst   ;                            ;
; 15:1               ; 5 bits    ; 50 LEs        ; 35 LEs               ; 15 LEs                 ; |proc|ControlBlock:ctrlBlock|count[3] ;                            ;
; 7:1                ; 4 bits    ; 16 LEs        ; 12 LEs               ; 4 LEs                  ; |proc|LCD_Driver:lcd|dataOut[3]       ;                            ;
; 3:1                ; 2 bits    ; 4 LEs         ; 2 LEs                ; 2 LEs                  ; |proc|LCD_Driver:lcd|dataOut          ;                            ;
; 7:1                ; 18 bits   ; 72 LEs        ; 72 LEs               ; 0 LEs                  ; |proc|ALU:alu|Mux14                   ;                            ;
; 33:1               ; 3 bits    ; 66 LEs        ; 24 LEs               ; 42 LEs                 ; |proc|LCD_Driver:lcd|dataOut          ;                            ;
+--------------------+-----------+---------------+----------------------+------------------------+---------------------------------------+----------------------------+


+----------------------------------------------------------------------------------------------------------------+
; Port Connectivity Checks: "ALU:alu"                                                                            ;
+------+--------+----------+-------------------------------------------------------------------------------------+
; Port ; Type   ; Severity ; Details                                                                             ;
+------+--------+----------+-------------------------------------------------------------------------------------+
; ovf  ; Output ; Info     ; Connected to dangling logic. Logic that only feeds a dangling port will be removed. ;
; AgtB ; Output ; Info     ; Connected to dangling logic. Logic that only feeds a dangling port will be removed. ;
; N    ; Output ; Info     ; Connected to dangling logic. Logic that only feeds a dangling port will be removed. ;
; Z    ; Output ; Info     ; Connected to dangling logic. Logic that only feeds a dangling port will be removed. ;
+------+--------+----------+-------------------------------------------------------------------------------------+


+------------------------------------------------------------------------------------------------------------------+
; Port Connectivity Checks: "clkDiv10Khz:U1"                                                                       ;
+--------+--------+----------+-------------------------------------------------------------------------------------+
; Port   ; Type   ; Severity ; Details                                                                             ;
+--------+--------+----------+-------------------------------------------------------------------------------------+
; clkOut ; Output ; Info     ; Connected to dangling logic. Logic that only feeds a dangling port will be removed. ;
+--------+--------+----------+-------------------------------------------------------------------------------------+


+-------------------------------+
; Elapsed Time Per Partition    ;
+----------------+--------------+
; Partition Name ; Elapsed Time ;
+----------------+--------------+
; Top            ; 00:00:10     ;
+----------------+--------------+


+-------------------------------+
; Analysis & Synthesis Messages ;
+-------------------------------+
Info: *******************************************************************
Info: Running Quartus II 32-bit Analysis & Synthesis
    Info: Version 11.1 Build 216 11/23/2011 Service Pack 1 SJ Web Edition
    Info: Processing started: Tue Mar 06 17:10:00 2012
Info: Command: quartus_map --read_settings_files=on --write_settings_files=off proc -c proc
Warning (20028): Parallel compilation is not licensed and has been disabled
Info (12021): Found 1 design units, including 1 entities, in source file proc.v
    Info (12023): Found entity 1: proc
Info (12021): Found 1 design units, including 1 entities, in source file mar.v
    Info (12023): Found entity 1: MAR
Info (12021): Found 1 design units, including 1 entities, in source file memory.v
    Info (12023): Found entity 1: Memory
Info (12021): Found 1 design units, including 1 entities, in source file mdr.v
    Info (12023): Found entity 1: MDR
Info (12021): Found 1 design units, including 1 entities, in source file alu.v
    Info (12023): Found entity 1: ALU
Info (12021): Found 1 design units, including 1 entities, in source file ir.v
    Info (12023): Found entity 1: IR
Info (12021): Found 1 design units, including 1 entities, in source file pc.v
    Info (12023): Found entity 1: PC
Info (12021): Found 1 design units, including 1 entities, in source file ac.v
    Info (12023): Found entity 1: AC
Info (12021): Found 1 design units, including 1 entities, in source file controlblock.v
    Info (12023): Found entity 1: ControlBlock
Info (12021): Found 1 design units, including 1 entities, in source file clkdiv.v
    Info (12023): Found entity 1: clkDiv
Info (12021): Found 1 design units, including 1 entities, in source file clkdiv10khz.v
    Info (12023): Found entity 1: clkDiv10Khz
Info (12021): Found 1 design units, including 1 entities, in source file lcd_driver.v
    Info (12023): Found entity 1: LCD_Driver
Info (12021): Found 1 design units, including 1 entities, in source file pushbutton_debouncer.v
    Info (12023): Found entity 1: PushButton_Debouncer
Info (12127): Elaborating entity "proc" for the top level hierarchy
Info (12128): Elaborating entity "clkDiv" for hierarchy "clkDiv:U0"
Info (12128): Elaborating entity "clkDiv10Khz" for hierarchy "clkDiv10Khz:U1"
Info (12128): Elaborating entity "ControlBlock" for hierarchy "ControlBlock:ctrlBlock"
Info (12128): Elaborating entity "LCD_Driver" for hierarchy "LCD_Driver:lcd"
Warning (10235): Verilog HDL Always Construct warning at LCD_Driver.v(17): variable "ienable" is read inside the Always Construct but isn't in the Always Construct's Event Control
Warning (10240): Verilog HDL Always Construct warning at LCD_Driver.v(16): inferring latch(es) for variable "iDataIn", which holds its previous value in one or more paths through the always construct
Info (10041): Inferred latch for "iDataIn[0]" at LCD_Driver.v(16)
Info (10041): Inferred latch for "iDataIn[1]" at LCD_Driver.v(16)
Info (10041): Inferred latch for "iDataIn[2]" at LCD_Driver.v(16)
Info (10041): Inferred latch for "iDataIn[3]" at LCD_Driver.v(16)
Info (10041): Inferred latch for "iDataIn[4]" at LCD_Driver.v(16)
Info (10041): Inferred latch for "iDataIn[5]" at LCD_Driver.v(16)
Info (10041): Inferred latch for "iDataIn[6]" at LCD_Driver.v(16)
Info (10041): Inferred latch for "iDataIn[7]" at LCD_Driver.v(16)
Info (10041): Inferred latch for "iDataIn[8]" at LCD_Driver.v(16)
Info (10041): Inferred latch for "iDataIn[9]" at LCD_Driver.v(16)
Info (10041): Inferred latch for "iDataIn[10]" at LCD_Driver.v(16)
Info (10041): Inferred latch for "iDataIn[11]" at LCD_Driver.v(16)
Info (10041): Inferred latch for "iDataIn[12]" at LCD_Driver.v(16)
Info (10041): Inferred latch for "iDataIn[13]" at LCD_Driver.v(16)
Info (10041): Inferred latch for "iDataIn[14]" at LCD_Driver.v(16)
Info (10041): Inferred latch for "iDataIn[15]" at LCD_Driver.v(16)
Info (10041): Inferred latch for "iDataIn[16]" at LCD_Driver.v(16)
Info (10041): Inferred latch for "iDataIn[17]" at LCD_Driver.v(16)
Info (12128): Elaborating entity "MAR" for hierarchy "MAR:mar"
Info (12128): Elaborating entity "Memory" for hierarchy "Memory:mem"
Info (12128): Elaborating entity "MDR" for hierarchy "MDR:mdr"
Info (12128): Elaborating entity "PC" for hierarchy "PC:pc"
Info (12128): Elaborating entity "IR" for hierarchy "IR:ir"
Info (12128): Elaborating entity "AC" for hierarchy "AC:ac"
Info (12128): Elaborating entity "ALU" for hierarchy "ALU:alu"
Warning (10235): Verilog HDL Always Construct warning at ALU.v(17): variable "enable" is read inside the Always Construct but isn't in the Always Construct's Event Control
Warning (10240): Verilog HDL Always Construct warning at ALU.v(16): inferring latch(es) for variable "alu_out", which holds its previous value in one or more paths through the always construct
Warning (10235): Verilog HDL Always Construct warning at ALU.v(43): variable "datA" is read inside the Always Construct but isn't in the Always Construct's Event Control
Warning (10235): Verilog HDL Always Construct warning at ALU.v(43): variable "datB" is read inside the Always Construct but isn't in the Always Construct's Event Control
Info (10041): Inferred latch for "alu_out[0]" at ALU.v(17)
Info (10041): Inferred latch for "alu_out[1]" at ALU.v(17)
Info (10041): Inferred latch for "alu_out[2]" at ALU.v(17)
Info (10041): Inferred latch for "alu_out[3]" at ALU.v(17)
Info (10041): Inferred latch for "alu_out[4]" at ALU.v(17)
Info (10041): Inferred latch for "alu_out[5]" at ALU.v(17)
Info (10041): Inferred latch for "alu_out[6]" at ALU.v(17)
Info (10041): Inferred latch for "alu_out[7]" at ALU.v(17)
Info (10041): Inferred latch for "alu_out[8]" at ALU.v(17)
Info (10041): Inferred latch for "alu_out[9]" at ALU.v(17)
Info (10041): Inferred latch for "alu_out[10]" at ALU.v(17)
Info (10041): Inferred latch for "alu_out[11]" at ALU.v(17)
Info (10041): Inferred latch for "alu_out[12]" at ALU.v(17)
Info (10041): Inferred latch for "alu_out[13]" at ALU.v(17)
Info (10041): Inferred latch for "alu_out[14]" at ALU.v(17)
Info (10041): Inferred latch for "alu_out[15]" at ALU.v(17)
Info (10041): Inferred latch for "alu_out[16]" at ALU.v(17)
Info (10041): Inferred latch for "alu_out[17]" at ALU.v(17)
Warning (13046): Tri-state node(s) do not directly drive top-level pin(s)
    Warning (13048): Converted tri-state node "aBus[17]" into a selector
    Warning (13048): Converted tri-state node "aBus[16]" into a selector
    Warning (13048): Converted tri-state node "aBus[15]" into a selector
    Warning (13048): Converted tri-state node "aBus[14]" into a selector
    Warning (13048): Converted tri-state node "aBus[13]" into a selector
    Warning (13048): Converted tri-state node "aBus[12]" into a selector
    Warning (13048): Converted tri-state node "aBus[11]" into a selector
    Warning (13048): Converted tri-state node "aBus[10]" into a selector
    Warning (13048): Converted tri-state node "aBus[9]" into a selector
    Warning (13048): Converted tri-state node "aBus[8]" into a selector
    Warning (13048): Converted tri-state node "aBus[7]" into a selector
    Warning (13048): Converted tri-state node "aBus[6]" into a selector
    Warning (13048): Converted tri-state node "aBus[5]" into a selector
    Warning (13048): Converted tri-state node "aBus[4]" into a selector
    Warning (13048): Converted tri-state node "aBus[3]" into a selector
    Warning (13048): Converted tri-state node "aBus[2]" into a selector
    Warning (13048): Converted tri-state node "aBus[1]" into a selector
    Warning (13048): Converted tri-state node "aBus[0]" into a selector
    Warning (13048): Converted tri-state node "bBus[17]" into a selector
    Warning (13048): Converted tri-state node "bBus[16]" into a selector
    Warning (13048): Converted tri-state node "bBus[15]" into a selector
    Warning (13048): Converted tri-state node "bBus[14]" into a selector
    Warning (13048): Converted tri-state node "bBus[13]" into a selector
    Warning (13048): Converted tri-state node "bBus[12]" into a selector
    Warning (13048): Converted tri-state node "bBus[11]" into a selector
    Warning (13048): Converted tri-state node "bBus[10]" into a selector
    Warning (13048): Converted tri-state node "bBus[9]" into a selector
    Warning (13048): Converted tri-state node "bBus[8]" into a selector
    Warning (13048): Converted tri-state node "bBus[7]" into a selector
    Warning (13048): Converted tri-state node "bBus[6]" into a selector
    Warning (13048): Converted tri-state node "bBus[5]" into a selector
    Warning (13048): Converted tri-state node "bBus[4]" into a selector
    Warning (13048): Converted tri-state node "bBus[3]" into a selector
    Warning (13048): Converted tri-state node "bBus[2]" into a selector
    Warning (13048): Converted tri-state node "bBus[1]" into a selector
    Warning (13048): Converted tri-state node "bBus[0]" into a selector
    Warning (13049): Converted tri-state buffer "ALU:alu|alu_out[0]" feeding internal logic into a wire
    Warning (13049): Converted tri-state buffer "ALU:alu|alu_out[1]" feeding internal logic into a wire
    Warning (13049): Converted tri-state buffer "ALU:alu|alu_out[2]" feeding internal logic into a wire
    Warning (13049): Converted tri-state buffer "ALU:alu|alu_out[3]" feeding internal logic into a wire
    Warning (13049): Converted tri-state buffer "ALU:alu|alu_out[4]" feeding internal logic into a wire
    Warning (13049): Converted tri-state buffer "ALU:alu|alu_out[5]" feeding internal logic into a wire
    Warning (13049): Converted tri-state buffer "ALU:alu|alu_out[6]" feeding internal logic into a wire
    Warning (13049): Converted tri-state buffer "ALU:alu|alu_out[7]" feeding internal logic into a wire
    Warning (13049): Converted tri-state buffer "ALU:alu|alu_out[8]" feeding internal logic into a wire
    Warning (13049): Converted tri-state buffer "ALU:alu|alu_out[9]" feeding internal logic into a wire
    Warning (13049): Converted tri-state buffer "ALU:alu|alu_out[10]" feeding internal logic into a wire
    Warning (13049): Converted tri-state buffer "ALU:alu|alu_out[11]" feeding internal logic into a wire
    Warning (13049): Converted tri-state buffer "ALU:alu|alu_out[12]" feeding internal logic into a wire
    Warning (13049): Converted tri-state buffer "ALU:alu|alu_out[13]" feeding internal logic into a wire
    Warning (13049): Converted tri-state buffer "ALU:alu|alu_out[14]" feeding internal logic into a wire
    Warning (13049): Converted tri-state buffer "ALU:alu|alu_out[15]" feeding internal logic into a wire
    Warning (13049): Converted tri-state buffer "ALU:alu|alu_out[16]" feeding internal logic into a wire
    Warning (13049): Converted tri-state buffer "ALU:alu|alu_out[17]" feeding internal logic into a wire
    Warning (13049): Converted tri-state buffer "MAR:mar|MARout[0]" feeding internal logic into a wire
    Warning (13049): Converted tri-state buffer "MAR:mar|MARout[1]" feeding internal logic into a wire
    Warning (13049): Converted tri-state buffer "MAR:mar|MARout[2]" feeding internal logic into a wire
    Warning (13049): Converted tri-state buffer "MAR:mar|MARout[3]" feeding internal logic into a wire
    Warning (13049): Converted tri-state buffer "MAR:mar|MARout[4]" feeding internal logic into a wire
    Warning (13049): Converted tri-state buffer "MAR:mar|MARout[5]" feeding internal logic into a wire
    Warning (13049): Converted tri-state buffer "MAR:mar|MARout[6]" feeding internal logic into a wire
    Warning (13049): Converted tri-state buffer "MAR:mar|MARout[7]" feeding internal logic into a wire
    Warning (13049): Converted tri-state buffer "MAR:mar|MARout[8]" feeding internal logic into a wire
    Warning (13049): Converted tri-state buffer "MAR:mar|MARout[9]" feeding internal logic into a wire
    Warning (13049): Converted tri-state buffer "MAR:mar|MARout[10]" feeding internal logic into a wire
    Warning (13049): Converted tri-state buffer "MAR:mar|MARout[11]" feeding internal logic into a wire
    Warning (13049): Converted tri-state buffer "MAR:mar|MARout[12]" feeding internal logic into a wire
Info (13005): Duplicate registers merged to single register
Warning (13024): Output pins are stuck at VCC or GND
    Warning (13410): Pin "lcdRW" is stuck at GND
Info (286030): Timing-Driven Synthesis is running
Info (17049): 49 registers lost all their fanouts during netlist optimizations. The first 49 are displayed below.
    Info (17050): Register "MAR:mar|MARout[0]~en" lost all its fanouts during netlist optimizations.
    Info (17050): Register "MAR:mar|MARout[1]~en" lost all its fanouts during netlist optimizations.
    Info (17050): Register "MAR:mar|MARout[2]~en" lost all its fanouts during netlist optimizations.
    Info (17050): Register "MAR:mar|MARout[3]~en" lost all its fanouts during netlist optimizations.
    Info (17050): Register "MAR:mar|MARout[4]~en" lost all its fanouts during netlist optimizations.
    Info (17050): Register "MAR:mar|MARout[5]~en" lost all its fanouts during netlist optimizations.
    Info (17050): Register "MAR:mar|MARout[6]~en" lost all its fanouts during netlist optimizations.
    Info (17050): Register "MAR:mar|MARout[7]~en" lost all its fanouts during netlist optimizations.
    Info (17050): Register "MAR:mar|MARout[8]~en" lost all its fanouts during netlist optimizations.
    Info (17050): Register "MAR:mar|MARout[9]~en" lost all its fanouts during netlist optimizations.
    Info (17050): Register "MAR:mar|MARout[10]~en" lost all its fanouts during netlist optimizations.
    Info (17050): Register "MAR:mar|MARout[11]~en" lost all its fanouts during netlist optimizations.
    Info (17050): Register "MAR:mar|MARout[12]~en" lost all its fanouts during netlist optimizations.
    Info (17050): Register "IR:ir|IRout[0]~en" lost all its fanouts during netlist optimizations.
    Info (17050): Register "IR:ir|IRout[1]~en" lost all its fanouts during netlist optimizations.
    Info (17050): Register "IR:ir|IRout[2]~en" lost all its fanouts during netlist optimizations.
    Info (17050): Register "IR:ir|IRout[3]~en" lost all its fanouts during netlist optimizations.
    Info (17050): Register "IR:ir|IRout[4]~en" lost all its fanouts during netlist optimizations.
    Info (17050): Register "IR:ir|IRout[5]~en" lost all its fanouts during netlist optimizations.
    Info (17050): Register "IR:ir|IRout[6]~en" lost all its fanouts during netlist optimizations.
    Info (17050): Register "IR:ir|IRout[7]~en" lost all its fanouts during netlist optimizations.
    Info (17050): Register "IR:ir|IRout[8]~en" lost all its fanouts during netlist optimizations.
    Info (17050): Register "IR:ir|IRout[9]~en" lost all its fanouts during netlist optimizations.
    Info (17050): Register "IR:ir|IRout[10]~en" lost all its fanouts during netlist optimizations.
    Info (17050): Register "IR:ir|IRout[11]~en" lost all its fanouts during netlist optimizations.
    Info (17050): Register "IR:ir|IRout[12]~en" lost all its fanouts during netlist optimizations.
    Info (17050): Register "IR:ir|IRout[13]~en" lost all its fanouts during netlist optimizations.
    Info (17050): Register "IR:ir|IRout[14]~en" lost all its fanouts during netlist optimizations.
    Info (17050): Register "IR:ir|IRout[15]~en" lost all its fanouts during netlist optimizations.
    Info (17050): Register "IR:ir|IRout[16]~en" lost all its fanouts during netlist optimizations.
    Info (17050): Register "IR:ir|IRout[17]~en" lost all its fanouts during netlist optimizations.
    Info (17050): Register "MDR:mdr|MDRout[0]~en" lost all its fanouts during netlist optimizations.
    Info (17050): Register "MDR:mdr|MDRout[1]~en" lost all its fanouts during netlist optimizations.
    Info (17050): Register "MDR:mdr|MDRout[2]~en" lost all its fanouts during netlist optimizations.
    Info (17050): Register "MDR:mdr|MDRout[3]~en" lost all its fanouts during netlist optimizations.
    Info (17050): Register "MDR:mdr|MDRout[4]~en" lost all its fanouts during netlist optimizations.
    Info (17050): Register "MDR:mdr|MDRout[5]~en" lost all its fanouts during netlist optimizations.
    Info (17050): Register "MDR:mdr|MDRout[6]~en" lost all its fanouts during netlist optimizations.
    Info (17050): Register "MDR:mdr|MDRout[7]~en" lost all its fanouts during netlist optimizations.
    Info (17050): Register "MDR:mdr|MDRout[8]~en" lost all its fanouts during netlist optimizations.
    Info (17050): Register "MDR:mdr|MDRout[9]~en" lost all its fanouts during netlist optimizations.
    Info (17050): Register "MDR:mdr|MDRout[10]~en" lost all its fanouts during netlist optimizations.
    Info (17050): Register "MDR:mdr|MDRout[11]~en" lost all its fanouts during netlist optimizations.
    Info (17050): Register "MDR:mdr|MDRout[12]~en" lost all its fanouts during netlist optimizations.
    Info (17050): Register "MDR:mdr|MDRout[13]~en" lost all its fanouts during netlist optimizations.
    Info (17050): Register "MDR:mdr|MDRout[14]~en" lost all its fanouts during netlist optimizations.
    Info (17050): Register "MDR:mdr|MDRout[15]~en" lost all its fanouts during netlist optimizations.
    Info (17050): Register "MDR:mdr|MDRout[16]~en" lost all its fanouts during netlist optimizations.
    Info (17050): Register "MDR:mdr|MDRout[17]~en" lost all its fanouts during netlist optimizations.
Info (144001): Generated suppressed messages file E:/quartus_workspace/rob_processor/proc.map.smsg
Info (16010): Generating hard_block partition "hard_block:auto_generated_inst"
Info (21057): Implemented 1130 device resources after synthesis - the final resource count might be different
    Info (21058): Implemented 2 input pins
    Info (21059): Implemented 12 output pins
    Info (21061): Implemented 1116 logic cells
Info: Quartus II 32-bit Analysis & Synthesis was successful. 0 errors, 77 warnings
    Info: Peak virtual memory: 297 megabytes
    Info: Processing ended: Tue Mar 06 17:10:08 2012
    Info: Elapsed time: 00:00:08
    Info: Total CPU time (on all processors): 00:00:07


+------------------------------------------+
; Analysis & Synthesis Suppressed Messages ;
+------------------------------------------+
The suppressed messages can be found in E:/quartus_workspace/rob_processor/proc.map.smsg.


