Flow report for de0_tutorial
Wed Feb 22 12:49:45 2012
Quartus II 32-bit Version 11.1 Build 216 11/23/2011 Service Pack 1 SJ Web Edition


---------------------
; Table of Contents ;
---------------------
  1. Legal Notice
  2. Flow Summary
  3. Flow Settings
  4. Flow Non-Default Global Settings
  5. Flow Elapsed Time
  6. Flow OS Summary
  7. Flow Log



----------------
; Legal Notice ;
----------------
Copyright (C) 1991-2011 Altera Corporation
Your use of Altera Corporation's design tools, logic functions 
and other software and tools, and its AMPP partner logic 
functions, and any output files from any of the foregoing 
(including device programming or simulation files), and any 
associated documentation or information are expressly subject 
to the terms and conditions of the Altera Program License 
Subscription Agreement, Altera MegaCore Function License 
Agreement, or other applicable license agreement, including, 
without limitation, that your use is for the sole purpose of 
programming logic devices manufactured by Altera and sold by 
Altera or its authorized distributors.  Please refer to the 
applicable agreement for further details.



+------------------------------------------------------------------------------------+
; Flow Summary                                                                       ;
+------------------------------------+-----------------------------------------------+
; Flow Status                        ; Successful - Wed Feb 22 12:49:45 2012         ;
; Quartus II 32-bit Version          ; 11.1 Build 216 11/23/2011 SP 1 SJ Web Edition ;
; Revision Name                      ; de0_tutorial                                  ;
; Top-level Entity Name              ; de0_tutorial                                  ;
; Family                             ; Cyclone III                                   ;
; Device                             ; EP3C16F484C6                                  ;
; Timing Models                      ; Final                                         ;
; Total logic elements               ; 2,069 / 15,408 ( 13 % )                       ;
;     Total combinational functions  ; 1,916 / 15,408 ( 12 % )                       ;
;     Dedicated logic registers      ; 1,136 / 15,408 ( 7 % )                        ;
; Total registers                    ; 1136                                          ;
; Total pins                         ; 18 / 347 ( 5 % )                              ;
; Total virtual pins                 ; 0                                             ;
; Total memory bits                  ; 44,032 / 516,096 ( 9 % )                      ;
; Embedded Multiplier 9-bit elements ; 0 / 112 ( 0 % )                               ;
; Total PLLs                         ; 1 / 4 ( 25 % )                                ;
+------------------------------------+-----------------------------------------------+


+-----------------------------------------+
; Flow Settings                           ;
+-------------------+---------------------+
; Option            ; Setting             ;
+-------------------+---------------------+
; Start date & time ; 02/22/2012 12:48:31 ;
; Main task         ; Compilation         ;
; Revision Name     ; de0_tutorial        ;
+-------------------+---------------------+


+----------------------------------------------------------------------------------------------------------------------+
; Flow Non-Default Global Settings                                                                                     ;
+-------------------------------------+---------------------------------+---------------+-------------+----------------+
; Assignment Name                     ; Value                           ; Default Value ; Entity Name ; Section Id     ;
+-------------------------------------+---------------------------------+---------------+-------------+----------------+
; COMPILER_SIGNATURE_ID               ; 202795272491843.132993291104436 ; --            ; --          ; --             ;
; EDA_OUTPUT_DATA_FORMAT              ; Verilog Hdl                     ; --            ; --          ; eda_simulation ;
; EDA_SIMULATION_TOOL                 ; ModelSim-Altera (Verilog)       ; <None>        ; --          ; --             ;
; IP_TOOL_ENV                         ; sopc                            ; --            ; nios_system ; --             ;
; IP_TOOL_NAME                        ; sopc                            ; --            ; nios_system ; --             ;
; IP_TOOL_VERSION                     ; 11.1sp1                         ; --            ; nios_system ; --             ;
; MAX_CORE_JUNCTION_TEMP              ; 85                              ; --            ; --          ; --             ;
; MIN_CORE_JUNCTION_TEMP              ; 0                               ; --            ; --          ; --             ;
; NOMINAL_CORE_SUPPLY_VOLTAGE         ; 1.2V                            ; --            ; --          ; --             ;
; PARTITION_COLOR                     ; 16764057                        ; --            ; --          ; Top            ;
; PARTITION_FITTER_PRESERVATION_LEVEL ; PLACEMENT_AND_ROUTING           ; --            ; --          ; Top            ;
; PARTITION_NETLIST_TYPE              ; SOURCE                          ; --            ; --          ; Top            ;
; SOPC_BUILDER_SIGNATURE_ID           ; Ccaf78f3711400000135a623d31b    ; --            ; --          ; --             ;
+-------------------------------------+---------------------------------+---------------+-------------+----------------+


+-------------------------------------------------------------------------------------------------------------------------------+
; Flow Elapsed Time                                                                                                             ;
+---------------------------+--------------+-------------------------+---------------------+------------------------------------+
; Module Name               ; Elapsed Time ; Average Processors Used ; Peak Virtual Memory ; Total CPU Time (on all processors) ;
+---------------------------+--------------+-------------------------+---------------------+------------------------------------+
; Analysis & Synthesis      ; 00:00:27     ; 1.0                     ; 363 MB              ; 00:00:27                           ;
; Fitter                    ; 00:00:20     ; 1.0                     ; 406 MB              ; 00:00:20                           ;
; Assembler                 ; 00:00:04     ; 1.0                     ; 309 MB              ; 00:00:03                           ;
; TimeQuest Timing Analyzer ; 00:00:10     ; 1.0                     ; 319 MB              ; 00:00:09                           ;
; EDA Netlist Writer        ; 00:00:11     ; 1.0                     ; 284 MB              ; 00:00:09                           ;
; Total                     ; 00:01:12     ; --                      ; --                  ; 00:01:08                           ;
+---------------------------+--------------+-------------------------+---------------------+------------------------------------+


+----------------------------------------------------------------------------------------+
; Flow OS Summary                                                                        ;
+---------------------------+------------------+-----------+------------+----------------+
; Module Name               ; Machine Hostname ; OS Name   ; OS Version ; Processor type ;
+---------------------------+------------------+-----------+------------+----------------+
; Analysis & Synthesis      ; Rob-laptop       ; Windows 7 ; 6.1        ; x86_64         ;
; Fitter                    ; Rob-laptop       ; Windows 7 ; 6.1        ; x86_64         ;
; Assembler                 ; Rob-laptop       ; Windows 7 ; 6.1        ; x86_64         ;
; TimeQuest Timing Analyzer ; Rob-laptop       ; Windows 7 ; 6.1        ; x86_64         ;
; EDA Netlist Writer        ; Rob-laptop       ; Windows 7 ; 6.1        ; x86_64         ;
+---------------------------+------------------+-----------+------------+----------------+


------------
; Flow Log ;
------------
quartus_map --read_settings_files=on --write_settings_files=off de0_tutorial -c de0_tutorial
quartus_fit --read_settings_files=off --write_settings_files=off de0_tutorial -c de0_tutorial
quartus_asm --read_settings_files=off --write_settings_files=off de0_tutorial -c de0_tutorial
quartus_sta de0_tutorial -c de0_tutorial
quartus_eda --read_settings_files=off --write_settings_files=off de0_tutorial -c de0_tutorial



