Analysis & Synthesis report for ALU
Tue Feb 14 19:29:30 2012
Quartus II 32-bit Version 11.1 Build 216 11/23/2011 Service Pack 1 SJ Web Edition


---------------------
; Table of Contents ;
---------------------
  1. Legal Notice
  2. Analysis & Synthesis Summary
  3. Analysis & Synthesis Settings
  4. Parallel Compilation
  5. Analysis & Synthesis Source Files Read
  6. Analysis & Synthesis Resource Usage Summary
  7. Analysis & Synthesis Resource Utilization by Entity
  8. User-Specified and Inferred Latches
  9. General Register Statistics
 10. Multiplexer Restructuring Statistics (Restructuring Performed)
 11. Elapsed Time Per Partition
 12. Analysis & Synthesis Messages



----------------
; Legal Notice ;
----------------
Copyright (C) 1991-2011 Altera Corporation
Your use of Altera Corporation's design tools, logic functions 
and other software and tools, and its AMPP partner logic 
functions, and any output files from any of the foregoing 
(including device programming or simulation files), and any 
associated documentation or information are expressly subject 
to the terms and conditions of the Altera Program License 
Subscription Agreement, Altera MegaCore Function License 
Agreement, or other applicable license agreement, including, 
without limitation, that your use is for the sole purpose of 
programming logic devices manufactured by Altera and sold by 
Altera or its authorized distributors.  Please refer to the 
applicable agreement for further details.



+------------------------------------------------------------------------------------+
; Analysis & Synthesis Summary                                                       ;
+------------------------------------+-----------------------------------------------+
; Analysis & Synthesis Status        ; Successful - Tue Feb 14 19:29:29 2012         ;
; Quartus II 32-bit Version          ; 11.1 Build 216 11/23/2011 SP 1 SJ Web Edition ;
; Revision Name                      ; ALU                                           ;
; Top-level Entity Name              ; ALU                                           ;
; Family                             ; Cyclone IV GX                                 ;
; Total logic elements               ; 76                                            ;
;     Total combinational functions  ; 76                                            ;
;     Dedicated logic registers      ; 0                                             ;
; Total registers                    ; 0                                             ;
; Total pins                         ; 58                                            ;
; Total virtual pins                 ; 0                                             ;
; Total memory bits                  ; 0                                             ;
; Embedded Multiplier 9-bit elements ; 0                                             ;
; Total GXB Receiver Channel PCS     ; 0                                             ;
; Total GXB Receiver Channel PMA     ; 0                                             ;
; Total GXB Transmitter Channel PCS  ; 0                                             ;
; Total GXB Transmitter Channel PMA  ; 0                                             ;
; Total PLLs                         ; 0                                             ;
+------------------------------------+-----------------------------------------------+


+----------------------------------------------------------------------------------------------------------------------+
; Analysis & Synthesis Settings                                                                                        ;
+----------------------------------------------------------------------------+--------------------+--------------------+
; Option                                                                     ; Setting            ; Default Value      ;
+----------------------------------------------------------------------------+--------------------+--------------------+
; Top-level entity name                                                      ; ALU                ; ALU                ;
; Family name                                                                ; Cyclone IV GX      ; Cyclone IV GX      ;
; Use smart compilation                                                      ; Off                ; Off                ;
; Enable parallel Assembler and TimeQuest Timing Analyzer during compilation ; On                 ; On                 ;
; Enable compact report table                                                ; Off                ; Off                ;
; Restructure Multiplexers                                                   ; Auto               ; Auto               ;
; Create Debugging Nodes for IP Cores                                        ; Off                ; Off                ;
; Preserve fewer node names                                                  ; On                 ; On                 ;
; Disable OpenCore Plus hardware evaluation                                  ; Off                ; Off                ;
; Verilog Version                                                            ; Verilog_2001       ; Verilog_2001       ;
; VHDL Version                                                               ; VHDL_1993          ; VHDL_1993          ;
; State Machine Processing                                                   ; Auto               ; Auto               ;
; Safe State Machine                                                         ; Off                ; Off                ;
; Extract Verilog State Machines                                             ; On                 ; On                 ;
; Extract VHDL State Machines                                                ; On                 ; On                 ;
; Ignore Verilog initial constructs                                          ; Off                ; Off                ;
; Iteration limit for constant Verilog loops                                 ; 5000               ; 5000               ;
; Iteration limit for non-constant Verilog loops                             ; 250                ; 250                ;
; Add Pass-Through Logic to Inferred RAMs                                    ; On                 ; On                 ;
; Infer RAMs from Raw Logic                                                  ; On                 ; On                 ;
; Parallel Synthesis                                                         ; On                 ; On                 ;
; DSP Block Balancing                                                        ; Auto               ; Auto               ;
; NOT Gate Push-Back                                                         ; On                 ; On                 ;
; Power-Up Don't Care                                                        ; On                 ; On                 ;
; Remove Redundant Logic Cells                                               ; Off                ; Off                ;
; Remove Duplicate Registers                                                 ; On                 ; On                 ;
; Ignore CARRY Buffers                                                       ; Off                ; Off                ;
; Ignore CASCADE Buffers                                                     ; Off                ; Off                ;
; Ignore GLOBAL Buffers                                                      ; Off                ; Off                ;
; Ignore ROW GLOBAL Buffers                                                  ; Off                ; Off                ;
; Ignore LCELL Buffers                                                       ; Off                ; Off                ;
; Ignore SOFT Buffers                                                        ; On                 ; On                 ;
; Limit AHDL Integers to 32 Bits                                             ; Off                ; Off                ;
; Optimization Technique                                                     ; Balanced           ; Balanced           ;
; Carry Chain Length                                                         ; 70                 ; 70                 ;
; Auto Carry Chains                                                          ; On                 ; On                 ;
; Auto Open-Drain Pins                                                       ; On                 ; On                 ;
; Perform WYSIWYG Primitive Resynthesis                                      ; Off                ; Off                ;
; Auto ROM Replacement                                                       ; On                 ; On                 ;
; Auto RAM Replacement                                                       ; On                 ; On                 ;
; Auto DSP Block Replacement                                                 ; On                 ; On                 ;
; Auto Shift Register Replacement                                            ; Auto               ; Auto               ;
; Allow Shift Register Merging across Hierarchies                            ; Auto               ; Auto               ;
; Auto Clock Enable Replacement                                              ; On                 ; On                 ;
; Strict RAM Replacement                                                     ; Off                ; Off                ;
; Allow Synchronous Control Signals                                          ; On                 ; On                 ;
; Force Use of Synchronous Clear Signals                                     ; Off                ; Off                ;
; Auto RAM Block Balancing                                                   ; On                 ; On                 ;
; Auto RAM to Logic Cell Conversion                                          ; Off                ; Off                ;
; Auto Resource Sharing                                                      ; Off                ; Off                ;
; Allow Any RAM Size For Recognition                                         ; Off                ; Off                ;
; Allow Any ROM Size For Recognition                                         ; Off                ; Off                ;
; Allow Any Shift Register Size For Recognition                              ; Off                ; Off                ;
; Use LogicLock Constraints during Resource Balancing                        ; On                 ; On                 ;
; Ignore translate_off and synthesis_off directives                          ; Off                ; Off                ;
; Timing-Driven Synthesis                                                    ; On                 ; On                 ;
; Report Parameter Settings                                                  ; On                 ; On                 ;
; Report Source Assignments                                                  ; On                 ; On                 ;
; Report Connectivity Checks                                                 ; On                 ; On                 ;
; Ignore Maximum Fan-Out Assignments                                         ; Off                ; Off                ;
; Synchronization Register Chain Length                                      ; 3                  ; 3                  ;
; PowerPlay Power Optimization                                               ; Normal compilation ; Normal compilation ;
; HDL message level                                                          ; Level2             ; Level2             ;
; Suppress Register Optimization Related Messages                            ; Off                ; Off                ;
; Number of Removed Registers Reported in Synthesis Report                   ; 5000               ; 5000               ;
; Number of Inverted Registers Reported in Synthesis Report                  ; 100                ; 100                ;
; Clock MUX Protection                                                       ; On                 ; On                 ;
; Auto Gated Clock Conversion                                                ; Off                ; Off                ;
; Block Design Naming                                                        ; Auto               ; Auto               ;
; SDC constraint protection                                                  ; Off                ; Off                ;
; Synthesis Effort                                                           ; Auto               ; Auto               ;
; Shift Register Replacement - Allow Asynchronous Clear Signal               ; On                 ; On                 ;
; Analysis & Synthesis Message Level                                         ; Medium             ; Medium             ;
; Disable Register Merging Across Hierarchies                                ; Auto               ; Auto               ;
; Resource Aware Inference For Block RAM                                     ; On                 ; On                 ;
; Synthesis Seed                                                             ; 1                  ; 1                  ;
+----------------------------------------------------------------------------+--------------------+--------------------+


Parallel compilation was disabled, but you have multiple processors available. Enable parallel compilation to reduce compilation time.
+-------------------------------------+
; Parallel Compilation                ;
+----------------------------+--------+
; Processors                 ; Number ;
+----------------------------+--------+
; Number detected on machine ; 4      ;
; Maximum allowed            ; 1      ;
+----------------------------+--------+


+--------------------------------------------------------------------------------------------------------------+
; Analysis & Synthesis Source Files Read                                                                       ;
+----------------------------------+-----------------+------------------------+--------------------------------+
; File Name with User-Entered Path ; Used in Netlist ; File Type              ; File Name with Absolute Path   ;
+----------------------------------+-----------------+------------------------+--------------------------------+
; ALU.v                            ; yes             ; User Verilog HDL File  ; E:/quartus_workspace/ALU/ALU.v ;
+----------------------------------+-----------------+------------------------+--------------------------------+


+---------------------------------------------+
; Analysis & Synthesis Resource Usage Summary ;
+----------------------+----------------------+
; Resource             ; Usage                ;
+----------------------+----------------------+
; I/O pins             ; 58                   ;
; Maximum fan-out node ; Add0~2               ;
; Maximum fan-out      ; 18                   ;
; Total fan-out        ; 322                  ;
; Average fan-out      ; 1.68                 ;
+----------------------+----------------------+


+-----------------------------------------------------------------------------------------------------------------------------------------------------------------------------------------+
; Analysis & Synthesis Resource Utilization by Entity                                                                                                                                     ;
+----------------------------+-------------------+--------------+-------------+--------------+---------+-----------+-----------+------+--------------+---------------------+--------------+
; Compilation Hierarchy Node ; LC Combinationals ; LC Registers ; Memory Bits ; DSP Elements ; DSP 9x9 ; DSP 18x18 ; DSP 36x36 ; Pins ; Virtual Pins ; Full Hierarchy Name ; Library Name ;
+----------------------------+-------------------+--------------+-------------+--------------+---------+-----------+-----------+------+--------------+---------------------+--------------+
; |ALU                       ; 76 (76)           ; 0 (0)        ; 0           ; 0            ; 0       ; 0         ; 0         ; 58   ; 0            ; |ALU                ;              ;
+----------------------------+-------------------+--------------+-------------+--------------+---------+-----------+-----------+------+--------------+---------------------+--------------+
Note: For table entries with two numbers listed, the numbers in parentheses indicate the number of resources of the given type used by the specific entity alone. The numbers listed outside of parentheses indicate the total resources of the given type used by the specific entity and all of its sub-entities in the hierarchy.


+----------------------------------------------------------------------------------------------------+
; User-Specified and Inferred Latches                                                                ;
+-----------------------------------------------------+---------------------+------------------------+
; Latch Name                                          ; Latch Enable Signal ; Free of Timing Hazards ;
+-----------------------------------------------------+---------------------+------------------------+
; out[0]$latch                                        ; out[17]             ; yes                    ;
; out[1]$latch                                        ; out[17]             ; yes                    ;
; out[2]$latch                                        ; out[17]             ; yes                    ;
; out[3]$latch                                        ; out[17]             ; yes                    ;
; out[4]$latch                                        ; out[17]             ; yes                    ;
; out[5]$latch                                        ; out[17]             ; yes                    ;
; out[6]$latch                                        ; out[17]             ; yes                    ;
; out[7]$latch                                        ; out[17]             ; yes                    ;
; out[8]$latch                                        ; out[17]             ; yes                    ;
; out[9]$latch                                        ; out[17]             ; yes                    ;
; out[10]$latch                                       ; out[17]             ; yes                    ;
; out[11]$latch                                       ; out[17]             ; yes                    ;
; out[12]$latch                                       ; out[17]             ; yes                    ;
; out[13]$latch                                       ; out[17]             ; yes                    ;
; out[14]$latch                                       ; out[17]             ; yes                    ;
; out[15]$latch                                       ; out[17]             ; yes                    ;
; out[16]$latch                                       ; out[17]             ; yes                    ;
; out[17]$latch                                       ; out[17]             ; yes                    ;
; Number of user-specified and inferred latches = 18  ;                     ;                        ;
+-----------------------------------------------------+---------------------+------------------------+
Note: All latches listed above may not be present at the end of synthesis due to various synthesis optimizations.


+------------------------------------------------------+
; General Register Statistics                          ;
+----------------------------------------------+-------+
; Statistic                                    ; Value ;
+----------------------------------------------+-------+
; Total registers                              ; 0     ;
; Number of registers using Synchronous Clear  ; 0     ;
; Number of registers using Synchronous Load   ; 0     ;
; Number of registers using Asynchronous Clear ; 0     ;
; Number of registers using Asynchronous Load  ; 0     ;
; Number of registers using Clock Enable       ; 0     ;
; Number of registers using Preset             ; 0     ;
+----------------------------------------------+-------+


+------------------------------------------------------------------------------------------------------------------------------------------+
; Multiplexer Restructuring Statistics (Restructuring Performed)                                                                           ;
+--------------------+-----------+---------------+----------------------+------------------------+------------+----------------------------+
; Multiplexer Inputs ; Bus Width ; Baseline Area ; Area if Restructured ; Saving if Restructured ; Registered ; Example Multiplexer Output ;
+--------------------+-----------+---------------+----------------------+------------------------+------------+----------------------------+
; 5:1                ; 18 bits   ; 54 LEs        ; 36 LEs               ; 18 LEs                 ; |ALU|Mux0  ;                            ;
+--------------------+-----------+---------------+----------------------+------------------------+------------+----------------------------+


+-------------------------------+
; Elapsed Time Per Partition    ;
+----------------+--------------+
; Partition Name ; Elapsed Time ;
+----------------+--------------+
; Top            ; 00:00:02     ;
+----------------+--------------+


+-------------------------------+
; Analysis & Synthesis Messages ;
+-------------------------------+
Info: *******************************************************************
Info: Running Quartus II 32-bit Analysis & Synthesis
    Info: Version 11.1 Build 216 11/23/2011 Service Pack 1 SJ Web Edition
    Info: Processing started: Tue Feb 14 19:29:27 2012
Info: Command: quartus_map --read_settings_files=on --write_settings_files=off ALU -c ALU
Warning (20028): Parallel compilation is not licensed and has been disabled
Info (12021): Found 1 design units, including 1 entities, in source file alu.v
    Info (12023): Found entity 1: ALU
Info (12127): Elaborating entity "ALU" for the top level hierarchy
Warning (10036): Verilog HDL or VHDL warning at ALU.v(8): object "CF" assigned a value but never read
Warning (10235): Verilog HDL Always Construct warning at ALU.v(12): variable "enable" is read inside the Always Construct but isn't in the Always Construct's Event Control
Warning (10270): Verilog HDL Case Statement warning at ALU.v(14): incomplete case statement has no default case item
Warning (10240): Verilog HDL Always Construct warning at ALU.v(10): inferring latch(es) for variable "out", which holds its previous value in one or more paths through the always construct
Info (10041): Inferred latch for "out[0]" at ALU.v(10)
Info (10041): Inferred latch for "out[1]" at ALU.v(10)
Info (10041): Inferred latch for "out[2]" at ALU.v(10)
Info (10041): Inferred latch for "out[3]" at ALU.v(10)
Info (10041): Inferred latch for "out[4]" at ALU.v(10)
Info (10041): Inferred latch for "out[5]" at ALU.v(10)
Info (10041): Inferred latch for "out[6]" at ALU.v(10)
Info (10041): Inferred latch for "out[7]" at ALU.v(10)
Info (10041): Inferred latch for "out[8]" at ALU.v(10)
Info (10041): Inferred latch for "out[9]" at ALU.v(10)
Info (10041): Inferred latch for "out[10]" at ALU.v(10)
Info (10041): Inferred latch for "out[11]" at ALU.v(10)
Info (10041): Inferred latch for "out[12]" at ALU.v(10)
Info (10041): Inferred latch for "out[13]" at ALU.v(10)
Info (10041): Inferred latch for "out[14]" at ALU.v(10)
Info (10041): Inferred latch for "out[15]" at ALU.v(10)
Info (10041): Inferred latch for "out[16]" at ALU.v(10)
Info (10041): Inferred latch for "out[17]" at ALU.v(10)
Warning (13012): Latch out[0]$latch has unsafe behavior
    Warning (13013): Ports D and ENA on the latch are fed by the same signal sel[2]
Warning (13012): Latch out[1]$latch has unsafe behavior
    Warning (13013): Ports D and ENA on the latch are fed by the same signal sel[2]
Warning (13012): Latch out[2]$latch has unsafe behavior
    Warning (13013): Ports D and ENA on the latch are fed by the same signal sel[2]
Warning (13012): Latch out[3]$latch has unsafe behavior
    Warning (13013): Ports D and ENA on the latch are fed by the same signal sel[2]
Warning (13012): Latch out[4]$latch has unsafe behavior
    Warning (13013): Ports D and ENA on the latch are fed by the same signal sel[2]
Warning (13012): Latch out[5]$latch has unsafe behavior
    Warning (13013): Ports D and ENA on the latch are fed by the same signal sel[2]
Warning (13012): Latch out[6]$latch has unsafe behavior
    Warning (13013): Ports D and ENA on the latch are fed by the same signal sel[2]
Warning (13012): Latch out[7]$latch has unsafe behavior
    Warning (13013): Ports D and ENA on the latch are fed by the same signal sel[2]
Warning (13012): Latch out[8]$latch has unsafe behavior
    Warning (13013): Ports D and ENA on the latch are fed by the same signal sel[2]
Warning (13012): Latch out[9]$latch has unsafe behavior
    Warning (13013): Ports D and ENA on the latch are fed by the same signal sel[2]
Warning (13012): Latch out[10]$latch has unsafe behavior
    Warning (13013): Ports D and ENA on the latch are fed by the same signal sel[2]
Warning (13012): Latch out[11]$latch has unsafe behavior
    Warning (13013): Ports D and ENA on the latch are fed by the same signal sel[2]
Warning (13012): Latch out[12]$latch has unsafe behavior
    Warning (13013): Ports D and ENA on the latch are fed by the same signal sel[2]
Warning (13012): Latch out[13]$latch has unsafe behavior
    Warning (13013): Ports D and ENA on the latch are fed by the same signal sel[2]
Warning (13012): Latch out[14]$latch has unsafe behavior
    Warning (13013): Ports D and ENA on the latch are fed by the same signal sel[2]
Warning (13012): Latch out[15]$latch has unsafe behavior
    Warning (13013): Ports D and ENA on the latch are fed by the same signal sel[2]
Warning (13012): Latch out[16]$latch has unsafe behavior
    Warning (13013): Ports D and ENA on the latch are fed by the same signal sel[2]
Warning (13012): Latch out[17]$latch has unsafe behavior
    Warning (13013): Ports D and ENA on the latch are fed by the same signal sel[2]
Info (286030): Timing-Driven Synthesis is running
Info (16010): Generating hard_block partition "hard_block:auto_generated_inst"
Info (21057): Implemented 134 device resources after synthesis - the final resource count might be different
    Info (21058): Implemented 40 input pins
    Info (21059): Implemented 18 output pins
    Info (21061): Implemented 76 logic cells
Info: Quartus II 32-bit Analysis & Synthesis was successful. 0 errors, 41 warnings
    Info: Peak virtual memory: 312 megabytes
    Info: Processing ended: Tue Feb 14 19:29:30 2012
    Info: Elapsed time: 00:00:03
    Info: Total CPU time (on all processors): 00:00:03


